#
# There is insufficient memory for the Java Runtime Environment to continue.
# Native memory allocation (mmap) failed to map 142082048 bytes for committing reserved memory.
# Possible reasons:
#   The system is out of physical RAM or swap space
#   In 32 bit mode, the process size limit was hit
# Possible solutions:
#   Reduce memory load on the system
#   Increase physical memory or swap space
#   Check if swap backing store is full
#   Use 64 bit Java on a 64 bit OS
#   Decrease Java heap size (-Xmx/-Xms)
#   Decrease number of Java threads
#   Decrease Java thread stack sizes (-Xss)
#   Set larger code cache with -XX:ReservedCodeCacheSize=
# This output file may be truncated or incomplete.
#
#  Out of Memory Error (os_linux.cpp:2627), pid=4610, tid=0x00007fb528afd700
#
# JRE version: OpenJDK Runtime Environment (8.0_76-b03) (build 1.8.0_76-release-b03)
# Java VM: OpenJDK 64-Bit Server VM (25.76-b03 mixed mode linux-amd64 compressed oops)
# Failed to write core dump. Core dumps have been disabled. To enable core dumping, try "ulimit -c unlimited" before starting Java again
#

---------------  T H R E A D  ---------------

Current thread (0x00007fb524073800):  VMThread [stack: 0x00007fb5289fd000,0x00007fb528afe000] [id=4617]

Stack: [0x00007fb5289fd000,0x00007fb528afe000],  sp=0x00007fb528afc4c0,  free space=1021k
Native frames: (J=compiled Java code, j=interpreted, Vv=VM code, C=native code)
V  [libjvm.so+0x9d9fcd]  VMError::report_and_die()+0x15d
V  [libjvm.so+0x4b4d4a]  report_vm_out_of_memory(char const*, int, unsigned long, VMErrorType, char const*)+0x8a
V  [libjvm.so+0x845190]  os::pd_commit_memory(char*, unsigned long, unsigned long, bool)+0xf0
V  [libjvm.so+0x83fcbf]  os::commit_memory(char*, unsigned long, unsigned long, bool)+0x1f
V  [libjvm.so+0x8b4d9b]  PSVirtualSpace::expand_by(unsigned long)+0x5b
V  [libjvm.so+0x8b5a10]  PSYoungGen::resize_generation(unsigned long, unsigned long)+0xb0
V  [libjvm.so+0x8b5d2b]  PSYoungGen::resize(unsigned long, unsigned long)+0x1b
V  [libjvm.so+0x8b241c]  PSScavenge::invoke_no_policy()+0xdac
V  [libjvm.so+0x8b2bf8]  PSScavenge::invoke()+0x38
V  [libjvm.so+0x8681f3]  ParallelScavengeHeap::failed_mem_allocate(unsigned long)+0x63
V  [libjvm.so+0x9dba94]  VM_ParallelGCFailedAllocation::doit()+0x84
V  [libjvm.so+0x9dfe47]  VM_Operation::evaluate()+0x47
V  [libjvm.so+0x9de908]  VMThread::evaluate_operation(VM_Operation*)+0x2c8
V  [libjvm.so+0x9dedca]  VMThread::loop()+0x25a
V  [libjvm.so+0x9df1d2]  VMThread::run()+0x72
V  [libjvm.so+0x8425b2]  java_start(Thread*)+0xf2

VM_Operation (0x00007fb4d86b4870): ParallelGCFailedAllocation, mode: safepoint, requested by thread 0x00007fb4e4009000


---------------  P R O C E S S  ---------------

Java Threads: ( => current thread )
  0x00007fb4f400a800 JavaThread "process reaper" daemon [_thread_blocked, id=4759, stack(0x00007fb4d8005000,0x00007fb4d803e000)]
  0x00007fb4f4009800 JavaThread "stdout" daemon [_thread_blocked, id=4758, stack(0x00007fb4d86b6000,0x00007fb4d87b7000)]
  0x00007fb4f4008800 JavaThread "stderr" daemon [_thread_blocked, id=4757, stack(0x00007fb4d8ea1000,0x00007fb4d8fa2000)]
  0x00007fb4f4007800 JavaThread "process reaper" daemon [_thread_in_native, id=4756, stack(0x00007fb4d803e000,0x00007fb4d8077000)]
  0x00007fb4f4010800 JavaThread "stdout" daemon [_thread_blocked, id=4755, stack(0x00007fb4d8c9f000,0x00007fb4d8da0000)]
  0x00007fb4f400f800 JavaThread "stderr" daemon [_thread_blocked, id=4754, stack(0x00007fb4d82b2000,0x00007fb4d83b3000)]
  0x00007fb4f4005000 JavaThread "process reaper" daemon [_thread_in_native, id=4753, stack(0x00007fb4d8077000,0x00007fb4d80b0000)]
  0x00007fb4e4007800 JavaThread "png-cruncher_20" daemon [_thread_blocked, id=4750, stack(0x00007fb4d84b4000,0x00007fb4d85b5000)]
  0x00007fb4e4009000 JavaThread "png-cruncher_19" daemon [_thread_blocked, id=4749, stack(0x00007fb4d85b5000,0x00007fb4d86b6000)]
  0x00007fb4e4004000 JavaThread "png-cruncher_18" daemon [_thread_blocked, id=4748, stack(0x00007fb4d83b3000,0x00007fb4d84b4000)]
  0x00007fb4e4005800 JavaThread "png-cruncher_17" daemon [_thread_blocked, id=4746, stack(0x00007fb4d81b1000,0x00007fb4d82b2000)]
  0x00007fb4e4002800 JavaThread "png-cruncher_16" daemon [_thread_blocked, id=4745, stack(0x00007fb4d89b9000,0x00007fb4d8aba000)]
  0x00007fb4fc00c800 JavaThread "stderr" daemon [_thread_blocked, id=4739, stack(0x00007fb4d8fa2000,0x00007fb4d90a3000)]
  0x00007fb4f4003800 JavaThread "stderr" daemon [_thread_blocked, id=4734, stack(0x00007fb4d88b8000,0x00007fb4d89b9000)]
  0x00007fb4f92a5800 JavaThread "process reaper" daemon [_thread_blocked, id=4693, stack(0x00007fb4d8aba000,0x00007fb4d8af3000)]
  0x00007fb4fc007000 JavaThread "process reaper" daemon [_thread_blocked, id=4692, stack(0x00007fb4d8af3000,0x00007fb4d8b2c000)]
  0x00007fb4f4001800 JavaThread "process reaper" daemon [_thread_blocked, id=4691, stack(0x00007fb4d8b2c000,0x00007fb4d8b65000)]
  0x00007fb508002800 JavaThread "process reaper" daemon [_thread_blocked, id=4690, stack(0x00007fb4d8b65000,0x00007fb4d8b9e000)]
  0x00007fb500001800 JavaThread "process reaper" daemon [_thread_blocked, id=4689, stack(0x00007fb4db4c1000,0x00007fb4db4fa000)]
  0x00007fb4e400c800 JavaThread "pool-4-thread-1" [_thread_blocked, id=4683, stack(0x00007fb4d8b9e000,0x00007fb4d8c9f000)]
  0x00007fb4d4b6c000 JavaThread "pool-3-thread-2" [_thread_blocked, id=4677, stack(0x00007fb4d91a4000,0x00007fb4d92a5000)]
  0x00007fb4d4b6b800 JavaThread "pool-3-thread-1" [_thread_blocked, id=4676, stack(0x00007fb4d92a5000,0x00007fb4d93a6000)]
  0x00007fb4d4013000 JavaThread "Stdin handler" [_thread_blocked, id=4666, stack(0x00007fb510133000,0x00007fb510234000)]
  0x00007fb4d401b000 JavaThread "Asynchronous log dispatcher for org.gradle.launcher.daemon.server.DefaultDaemonConnection@293b2fb9" [_thread_blocked, id=4664, stack(0x00007fb510234000,0x00007fb510335000)]
  0x00007fb4e0011000 JavaThread "Cancel handler" [_thread_blocked, id=4661, stack(0x00007fb510436000,0x00007fb510537000)]
  0x00007fb4e0008800 JavaThread "Handler for socket connection from /127.0.0.1:37393 to /127.0.0.1:53638" [_thread_in_native, id=4660, stack(0x00007fb510537000,0x00007fb510638000)]
  0x00007fb4d4a4d000 JavaThread "pool-2-thread-1" [_thread_blocked, id=4646, stack(0x00007fb4dabb9000,0x00007fb4dacba000)]
  0x00007fb4d4272000 JavaThread "File lock request listener" [_thread_in_native, id=4639, stack(0x00007fb4dbaff000,0x00007fb4dbc00000)]
  0x00007fb4e000a000 JavaThread "Daemon worker" [_thread_blocked, id=4632, stack(0x00007fb510335000,0x00007fb510436000)]
  0x00007fb4e8011800 JavaThread "Daemon" [_thread_blocked, id=4629, stack(0x00007fb510638000,0x00007fb510739000)]
  0x00007fb524b2a000 JavaThread "pool-1-thread-1" [_thread_blocked, id=4628, stack(0x00007fb510739000,0x00007fb51083a000)]
  0x00007fb524ae3000 JavaThread "Incoming local TCP Connector on port 37393" [_thread_in_native, id=4626, stack(0x00007fb510a41000,0x00007fb510b42000)]
  0x00007fb5240ba800 JavaThread "Service Thread" daemon [_thread_blocked, id=4623, stack(0x00007fb52812e000,0x00007fb52822f000)]
  0x00007fb5240b8000 JavaThread "C1 CompilerThread1" daemon [_thread_blocked, id=4622, stack(0x00007fb52822f000,0x00007fb528330000)]
  0x00007fb5240b5000 JavaThread "C2 CompilerThread0" daemon [_thread_blocked, id=4621, stack(0x00007fb528330000,0x00007fb528431000)]
  0x00007fb5240b3800 JavaThread "Signal Dispatcher" daemon [_thread_blocked, id=4620, stack(0x00007fb528431000,0x00007fb528532000)]
  0x00007fb52407f800 JavaThread "Finalizer" daemon [_thread_blocked, id=4619, stack(0x00007fb5287fb000,0x00007fb5288fc000)]
  0x00007fb52407b000 JavaThread "Reference Handler" daemon [_thread_blocked, id=4618, stack(0x00007fb5288fc000,0x00007fb5289fd000)]
  0x00007fb52400a000 JavaThread "main" [_thread_blocked, id=4614, stack(0x00007fb52da07000,0x00007fb52db08000)]

Other Threads:
=>0x00007fb524073800 VMThread [stack: 0x00007fb5289fd000,0x00007fb528afe000] [id=4617]
  0x00007fb5240bd000 WatcherThread [stack: 0x00007fb52802d000,0x00007fb52812e000] [id=4624]

VM state:at safepoint (normal execution)

VM Mutex/Monitor currently owned by a thread:  ([mutex/lock_event])
[0x00007fb5240064b0] Threads_lock - owner thread: 0x00007fb524073800
[0x00007fb5240069b0] Heap_lock - owner thread: 0x00007fb4e4009000

Heap:
 PSYoungGen      total 360960K, used 15118K [0x00000000e0000000, 0x00000000f7880000, 0x0000000100000000)
  eden space 338944K, 0% used [0x00000000e0000000,0x00000000e0000000,0x00000000f4b00000)
  from space 22016K, 68% used [0x00000000f4b00000,0x00000000f59c3a48,0x00000000f6080000)
  to   space 19456K, 0% used [0x00000000f6080000,0x00000000f6080000,0x00000000f7380000)
 ParOldGen       total 62464K, used 47029K [0x00000000a0000000, 0x00000000a3d00000, 0x00000000e0000000)
  object space 62464K, 75% used [0x00000000a0000000,0x00000000a2ded7f8,0x00000000a3d00000)
 Metaspace       used 55785K, capacity 58058K, committed 58240K, reserved 1099776K
  class space    used 7536K, capacity 8060K, committed 8064K, reserved 1048576K

Card table byte_map: [0x00007fb52a5ba000,0x00007fb52a8bb000] byte_map_base: 0x00007fb52a0ba000

Marking Bits: (ParMarkBitMap*) 0x00007fb52cee61a0
 Begin Bits: [0x00007fb512000000, 0x00007fb513800000)
 End Bits:   [0x00007fb513800000, 0x00007fb515000000)

Polling page: 0x00007fb52db36000

CodeCache: size=245760Kb used=23535Kb max_used=24126Kb free=222224Kb
 bounds [0x00007fb515000000, 0x00007fb5167b0000, 0x00007fb524000000]
 total_blobs=7930 nmethods=7220 adapters=623
 compilation: enabled

Compilation events (10 events):
Event: 95.802 Thread 0x00007fb5240b8000 8396       1       com.google.common.cache.LocalCache$2::poll (2 bytes)
Event: 95.803 Thread 0x00007fb5240b8000 nmethod 8396 0x00007fb515c81210 code [0x00007fb515c81360, 0x00007fb515c81470]
Event: 95.981 Thread 0x00007fb5240b8000 8398       3       com.android.build.gradle.internal.LoggerWrapper::verbose (59 bytes)
Event: 95.983 Thread 0x00007fb5240b8000 nmethod 8398 0x00007fb51576ebd0 code [0x00007fb51576ee20, 0x00007fb51576fbf8]
Event: 95.984 Thread 0x00007fb5240b8000 8399       3       com.android.build.gradle.internal.aapt.AaptGradleFactory$FilteringLogger::verbose (12 bytes)
Event: 95.985 Thread 0x00007fb5240b8000 nmethod 8399 0x00007fb515778b10 code [0x00007fb515778c80, 0x00007fb515778ea8]
Event: 96.150 Thread 0x00007fb5240b8000 8400       3       java.io.InputStreamReader::close (8 bytes)
Event: 96.151 Thread 0x00007fb5240b8000 nmethod 8400 0x00007fb515354f90 code [0x00007fb515355100, 0x00007fb5153552a8]
Event: 96.152 Thread 0x00007fb5240b8000 8401   !   3       sun.nio.cs.StreamDecoder::close (37 bytes)
Event: 96.153 Thread 0x00007fb5240b8000 nmethod 8401 0x00007fb51554d090 code [0x00007fb51554d220, 0x00007fb51554d7f8]

GC Heap History (10 events):
Event: 22.437 GC heap after
Heap after GC invocations=9 (full 1):
 PSYoungGen      total 246272K, used 8250K [0x00000000e0000000, 0x00000000efd80000, 0x0000000100000000)
  eden space 233984K, 0% used [0x00000000e0000000,0x00000000e0000000,0x00000000ee480000)
  from space 12288K, 67% used [0x00000000ef000000,0x00000000ef80eb10,0x00000000efc00000)
  to   space 11776K, 0% used [0x00000000ee480000,0x00000000ee480000,0x00000000ef000000)
 ParOldGen       total 50176K, used 10146K [0x00000000a0000000, 0x00000000a3100000, 0x00000000e0000000)
  object space 50176K, 20% used [0x00000000a0000000,0x00000000a09e8b08,0x00000000a3100000)
 Metaspace       used 34534K, capacity 35268K, committed 35496K, reserved 1079296K
  class space    used 4671K, capacity 4863K, committed 4864K, reserved 1048576K
}
Event: 22.437 GC heap before
{Heap before GC invocations=10 (full 2):
 PSYoungGen      total 246272K, used 8250K [0x00000000e0000000, 0x00000000efd80000, 0x0000000100000000)
  eden space 233984K, 0% used [0x00000000e0000000,0x00000000e0000000,0x00000000ee480000)
  from space 12288K, 67% used [0x00000000ef000000,0x00000000ef80eb10,0x00000000efc00000)
  to   space 11776K, 0% used [0x00000000ee480000,0x00000000ee480000,0x00000000ef000000)
 ParOldGen       total 50176K, used 10146K [0x00000000a0000000, 0x00000000a3100000, 0x00000000e0000000)
  object space 50176K, 20% used [0x00000000a0000000,0x00000000a09e8b08,0x00000000a3100000)
 Metaspace       used 34534K, capacity 35268K, committed 35496K, reserved 1079296K
  class space    used 4671K, capacity 4863K, committed 4864K, reserved 1048576K
Event: 22.637 GC heap after
Heap after GC invocations=10 (full 2):
 PSYoungGen      total 246272K, used 0K [0x00000000e0000000, 0x00000000efd80000, 0x0000000100000000)
  eden space 233984K, 0% used [0x00000000e0000000,0x00000000e0000000,0x00000000ee480000)
  from space 12288K, 0% used [0x00000000ef000000,0x00000000ef000000,0x00000000efc00000)
  to   space 11776K, 0% used [0x00000000ee480000,0x00000000ee480000,0x00000000ef000000)
 ParOldGen       total 62464K, used 15880K [0x00000000a0000000, 0x00000000a3d00000, 0x00000000e0000000)
  object space 62464K, 25% used [0x00000000a0000000,0x00000000a0f821e8,0x00000000a3d00000)
 Metaspace       used 34534K, capacity 35268K, committed 35496K, reserved 1079296K
  class space    used 4671K, capacity 4863K, committed 4864K, reserved 1048576K
}
Event: 32.685 GC heap before
{Heap before GC invocations=11 (full 2):
 PSYoungGen      total 246272K, used 233984K [0x00000000e0000000, 0x00000000efd80000, 0x0000000100000000)
  eden space 233984K, 100% used [0x00000000e0000000,0x00000000ee480000,0x00000000ee480000)
  from space 12288K, 0% used [0x00000000ef000000,0x00000000ef000000,0x00000000efc00000)
  to   space 11776K, 0% used [0x00000000ee480000,0x00000000ee480000,0x00000000ef000000)
 ParOldGen       total 62464K, used 15880K [0x00000000a0000000, 0x00000000a3d00000, 0x00000000e0000000)
  object space 62464K, 25% used [0x00000000a0000000,0x00000000a0f821e8,0x00000000a3d00000)
 Metaspace       used 49390K, capacity 51020K, committed 51200K, reserved 1093632K
  class space    used 6723K, capacity 7076K, committed 7168K, reserved 1048576K
Event: 32.779 GC heap after
Heap after GC invocations=11 (full 2):
 PSYoungGen      total 245760K, used 11763K [0x00000000e0000000, 0x00000000f7380000, 0x0000000100000000)
  eden space 233984K, 0% used [0x00000000e0000000,0x00000000e0000000,0x00000000ee480000)
  from space 11776K, 99% used [0x00000000ee480000,0x00000000eeffce88,0x00000000ef000000)
  to   space 19456K, 0% used [0x00000000f6080000,0x00000000f6080000,0x00000000f7380000)
 ParOldGen       total 62464K, used 30843K [0x00000000a0000000, 0x00000000a3d00000, 0x00000000e0000000)
  object space 62464K, 49% used [0x00000000a0000000,0x00000000a1e1ecb8,0x00000000a3d00000)
 Metaspace       used 49390K, capacity 51020K, committed 51200K, reserved 1093632K
  class space    used 6723K, capacity 7076K, committed 7168K, reserved 1048576K
}
Event: 35.068 GC heap before
{Heap before GC invocations=12 (full 2):
 PSYoungGen      total 245760K, used 63018K [0x00000000e0000000, 0x00000000f7380000, 0x0000000100000000)
  eden space 233984K, 21% used [0x00000000e0000000,0x00000000e320dbf8,0x00000000ee480000)
  from space 11776K, 99% used [0x00000000ee480000,0x00000000eeffce88,0x00000000ef000000)
  to   space 19456K, 0% used [0x00000000f6080000,0x00000000f6080000,0x00000000f7380000)
 ParOldGen       total 62464K, used 30843K [0x00000000a0000000, 0x00000000a3d00000, 0x00000000e0000000)
  object space 62464K, 49% used [0x00000000a0000000,0x00000000a1e1ecb8,0x00000000a3d00000)
 Metaspace       used 51274K, capacity 53270K, committed 53376K, reserved 1095680K
  class space    used 7071K, capacity 7518K, committed 7552K, reserved 1048576K
Event: 35.139 GC heap after
Heap after GC invocations=12 (full 2):
 PSYoungGen      total 358400K, used 18981K [0x00000000e0000000, 0x00000000f7880000, 0x0000000100000000)
  eden space 338944K, 0% used [0x00000000e0000000,0x00000000e0000000,0x00000000f4b00000)
  from space 19456K, 97% used [0x00000000f6080000,0x00000000f7309600,0x00000000f7380000)
  to   space 22016K, 0% used [0x00000000f4b00000,0x00000000f4b00000,0x00000000f6080000)
 ParOldGen       total 62464K, used 30843K [0x00000000a0000000, 0x00000000a3d00000, 0x00000000e0000000)
  object space 62464K, 49% used [0x00000000a0000000,0x00000000a1e1ecb8,0x00000000a3d00000)
 Metaspace       used 51274K, capacity 53270K, committed 53376K, reserved 1095680K
  class space    used 7071K, capacity 7518K, committed 7552K, reserved 1048576K
}
Event: 35.139 GC heap before
{Heap before GC invocations=13 (full 3):
 PSYoungGen      total 358400K, used 18981K [0x00000000e0000000, 0x00000000f7880000, 0x0000000100000000)
  eden space 338944K, 0% used [0x00000000e0000000,0x00000000e0000000,0x00000000f4b00000)
  from space 19456K, 97% used [0x00000000f6080000,0x00000000f7309600,0x00000000f7380000)
  to   space 22016K, 0% used [0x00000000f4b00000,0x00000000f4b00000,0x00000000f6080000)
 ParOldGen       total 62464K, used 30843K [0x00000000a0000000, 0x00000000a3d00000, 0x00000000e0000000)
  object space 62464K, 49% used [0x00000000a0000000,0x00000000a1e1ecb8,0x00000000a3d00000)
 Metaspace       used 51274K, capacity 53270K, committed 53376K, reserved 1095680K
  class space    used 7071K, capacity 7518K, committed 7552K, reserved 1048576K
Event: 35.636 GC heap after
Heap after GC invocations=13 (full 3):
 PSYoungGen      total 358400K, used 0K [0x00000000e0000000, 0x00000000f7880000, 0x0000000100000000)
  eden space 338944K, 0% used [0x00000000e0000000,0x00000000e0000000,0x00000000f4b00000)
  from space 19456K, 0% used [0x00000000f6080000,0x00000000f6080000,0x00000000f7380000)
  to   space 22016K, 0% used [0x00000000f4b00000,0x00000000f4b00000,0x00000000f6080000)
 ParOldGen       total 62464K, used 47021K [0x00000000a0000000, 0x00000000a3d00000, 0x00000000e0000000)
  object space 62464K, 75% used [0x00000000a0000000,0x00000000a2deb7f8,0x00000000a3d00000)
 Metaspace       used 51274K, capacity 53270K, committed 53376K, reserved 1095680K
  class space    used 7071K, capacity 7518K, committed 7552K, reserved 1048576K
}
Event: 96.521 GC heap before
{Heap before GC invocations=14 (full 3):
 PSYoungGen      total 358400K, used 338944K [0x00000000e0000000, 0x00000000f7880000, 0x0000000100000000)
  eden space 338944K, 100% used [0x00000000e0000000,0x00000000f4b00000,0x00000000f4b00000)
  from space 19456K, 0% used [0x00000000f6080000,0x00000000f6080000,0x00000000f7380000)
  to   space 22016K, 0% used [0x00000000f4b00000,0x00000000f4b00000,0x00000000f6080000)
 ParOldGen       total 62464K, used 47021K [0x00000000a0000000, 0x00000000a3d00000, 0x00000000e0000000)
  object space 62464K, 75% used [0x00000000a0000000,0x00000000a2deb7f8,0x00000000a3d00000)
 Metaspace       used 55785K, capacity 58058K, committed 58240K, reserved 1099776K
  class space    used 7536K, capacity 8060K, committed 8064K, reserved 1048576K

Deoptimization events (10 events):
Event: 92.314 Thread 0x00007fb4e000a000 Uncommon trap: reason=bimorphic action=maybe_recompile pc=0x00007fb5166dffcc method=com.sun.org.apache.xerces.internal.dom.CoreDocumentImpl.isKidOK(Lorg/w3c/dom/Node;Lorg/w3c/dom/Node;)Z @ 39
Event: 92.314 Thread 0x00007fb4e000a000 Uncommon trap: reason=bimorphic action=maybe_recompile pc=0x00007fb5166d9cdc method=com.sun.org.apache.xerces.internal.dom.NodeImpl.changed()V @ 1
Event: 92.314 Thread 0x00007fb4e000a000 Uncommon trap: reason=bimorphic action=maybe_recompile pc=0x00007fb5166dffcc method=com.sun.org.apache.xerces.internal.dom.CoreDocumentImpl.isKidOK(Lorg/w3c/dom/Node;Lorg/w3c/dom/Node;)Z @ 39
Event: 92.314 Thread 0x00007fb4e000a000 Uncommon trap: reason=bimorphic action=maybe_recompile pc=0x00007fb5166d9cdc method=com.sun.org.apache.xerces.internal.dom.NodeImpl.changed()V @ 1
Event: 92.314 Thread 0x00007fb4e000a000 Uncommon trap: reason=class_check action=maybe_recompile pc=0x00007fb516700ba4 method=com.sun.org.apache.xerces.internal.dom.AttributeMap.setNamedItem(Lorg/w3c/dom/Node;)Lorg/w3c/dom/Node; @ 4
Event: 92.314 Thread 0x00007fb4e000a000 Uncommon trap: reason=bimorphic action=maybe_recompile pc=0x00007fb5166dffcc method=com.sun.org.apache.xerces.internal.dom.CoreDocumentImpl.isKidOK(Lorg/w3c/dom/Node;Lorg/w3c/dom/Node;)Z @ 39
Event: 92.314 Thread 0x00007fb4e000a000 Uncommon trap: reason=bimorphic action=maybe_recompile pc=0x00007fb5166d9cdc method=com.sun.org.apache.xerces.internal.dom.NodeImpl.changed()V @ 1
Event: 92.648 Thread 0x00007fb4e400c800 Uncommon trap: reason=unstable_if action=reinterpret pc=0x00007fb515d9ec1c method=java.util.regex.Matcher.appendReplacement(Ljava/lang/StringBuffer;Ljava/lang/String;)Ljava/util/regex/Matcher; @ 47
Event: 93.102 Thread 0x00007fb4e000a000 Uncommon trap: reason=unstable_if action=reinterpret pc=0x00007fb51618bc64 method=sun.nio.cs.UTF_8$Encoder.encodeArrayLoop(Ljava/nio/CharBuffer;Ljava/nio/ByteBuffer;)Ljava/nio/charset/CoderResult; @ 113
Event: 93.102 Thread 0x00007fb4e000a000 Uncommon trap: reason=unstable_if action=reinterpret pc=0x00007fb515dea198 method=sun.nio.cs.UTF_8$Encoder.encodeArrayLoop(Ljava/nio/CharBuffer;Ljava/nio/ByteBuffer;)Ljava/nio/charset/CoderResult; @ 113

Internal exceptions (10 events):
Event: 68.491 Thread 0x00007fb4e000a000 Exception <a 'sun/nio/fs/UnixException'> (0x00000000e624d090) thrown at [/ssd/Android/AOSP-openjdk/external/jetbrains/jdk/hotspot/src/share/vm/prims/jni.cpp, line 709]
Event: 68.528 Thread 0x00007fb4e000a000 Exception <a 'sun/nio/fs/UnixException'> (0x00000000e624efc0) thrown at [/ssd/Android/AOSP-openjdk/external/jetbrains/jdk/hotspot/src/share/vm/prims/jni.cpp, line 709]
Event: 68.528 Thread 0x00007fb4e000a000 Exception <a 'sun/nio/fs/UnixException'> (0x00000000e6250440) thrown at [/ssd/Android/AOSP-openjdk/external/jetbrains/jdk/hotspot/src/share/vm/prims/jni.cpp, line 709]
Event: 74.565 Thread 0x00007fb4e000a000 Exception <a 'java/lang/NoSuchMethodError': <clinit>> (0x00000000e7ee51d0) thrown at [/ssd/Android/AOSP-openjdk/external/jetbrains/jdk/hotspot/src/share/vm/prims/jni.cpp, line 1591]
Event: 74.566 Thread 0x00007fb4e000a000 Exception <a 'java/lang/NoSuchMethodError': <clinit>> (0x00000000e7ef2180) thrown at [/ssd/Android/AOSP-openjdk/external/jetbrains/jdk/hotspot/src/share/vm/prims/jni.cpp, line 1591]
Event: 74.891 Thread 0x00007fb4e000a000 Exception <a 'java/lang/NoSuchMethodError': <clinit>> (0x00000000e7fef4f0) thrown at [/ssd/Android/AOSP-openjdk/external/jetbrains/jdk/hotspot/src/share/vm/prims/jni.cpp, line 1591]
Event: 74.893 Thread 0x00007fb4e000a000 Exception <a 'java/lang/NoSuchMethodError': <clinit>> (0x00000000e8007d00) thrown at [/ssd/Android/AOSP-openjdk/external/jetbrains/jdk/hotspot/src/share/vm/prims/jni.cpp, line 1591]
Event: 74.893 Thread 0x00007fb4e000a000 Exception <a 'java/lang/NoSuchMethodError': <clinit>> (0x00000000e8009218) thrown at [/ssd/Android/AOSP-openjdk/external/jetbrains/jdk/hotspot/src/share/vm/prims/jni.cpp, line 1591]
Event: 75.383 Thread 0x00007fb4e000a000 Exception <a 'java/lang/ClassNotFoundException': com/android/build/gradle/internal/LibraryCache$1BeanInfo> (0x00000000e815c768) thrown at [/ssd/Android/AOSP-openjdk/external/jetbrains/jdk/hotspot/src/share/vm/classfile/systemDictionary.cpp, line 210]
Event: 75.383 Thread 0x00007fb4e000a000 Exception <a 'java/lang/ClassNotFoundException': com/android/build/gradle/internal/LibraryCache$1Customizer> (0x00000000e816d000) thrown at [/ssd/Android/AOSP-openjdk/external/jetbrains/jdk/hotspot/src/share/vm/classfile/systemDictionary.cpp, line 210]

Events (10 events):
Event: 96.159 Executing VM operation: RevokeBias done
Event: 96.160 Thread 0x00007fb4f4005000 Thread added: 0x00007fb4f4005000
Event: 96.160 Thread 0x00007fb4f400f800 Thread added: 0x00007fb4f400f800
Event: 96.160 Thread 0x00007fb4f4010800 Thread added: 0x00007fb4f4010800
Event: 96.160 Thread 0x00007fb4f4007800 Thread added: 0x00007fb4f4007800
Event: 96.160 Thread 0x00007fb4fc00e800 Thread exited: 0x00007fb4fc00e800
Event: 96.160 Thread 0x00007fb4f4008800 Thread added: 0x00007fb4f4008800
Event: 96.160 Executing VM operation: RevokeBias
Event: 96.162 Thread 0x00007fb4f4009800 Thread added: 0x00007fb4f4009800
Event: 96.162 Thread 0x00007fb4f400a800 Thread added: 0x00007fb4f400a800


Dynamic libraries:
00400000-00401000 r-xp 00000000 08:05 2767349                            /home/psarmmiey/DevTools/android-studio/jre/bin/java
00600000-00601000 r--p 00000000 08:05 2767349                            /home/psarmmiey/DevTools/android-studio/jre/bin/java
00601000-00602000 rw-p 00001000 08:05 2767349                            /home/psarmmiey/DevTools/android-studio/jre/bin/java
0065b000-0067c000 rw-p 00000000 00:00 0                                  [heap]
a0000000-a3d00000 rw-p 00000000 00:00 0 
a3d00000-e0000000 ---p 00000000 00:00 0 
e0000000-f7880000 rw-p 00000000 00:00 0 
100000000-1007e0000 rw-p 00000000 00:00 0 
1007e0000-140000000 ---p 00000000 00:00 0 
7fb4d4000000-7fb4d5435000 rw-p 00000000 00:00 0 
7fb4d5435000-7fb4d8000000 ---p 00000000 00:00 0 
7fb4d8003000-7fb4d8004000 rw-p 00000000 00:00 0 
7fb4d8004000-7fb4d8005000 r--p 00000000 08:05 13250436                   /usr/share/locale-langpack/en_GB/LC_MESSAGES/libc.mo
7fb4d8005000-7fb4d8008000 ---p 00000000 00:00 0 
7fb4d8008000-7fb4d803e000 rw-p 00000000 00:00 0                          [stack:4759]
7fb4d803e000-7fb4d8041000 ---p 00000000 00:00 0 
7fb4d8041000-7fb4d8077000 rw-p 00000000 00:00 0                          [stack:4756]
7fb4d8077000-7fb4d807a000 ---p 00000000 00:00 0 
7fb4d807a000-7fb4d80b0000 rw-p 00000000 00:00 0                          [stack:4753]
7fb4d80b0000-7fb4d80b3000 ---p 00000000 00:00 0 
7fb4d80b3000-7fb4d81b1000 rw-p 00000000 00:00 0 
7fb4d81b1000-7fb4d81b4000 ---p 00000000 00:00 0 
7fb4d81b4000-7fb4d82b2000 rw-p 00000000 00:00 0                          [stack:4746]
7fb4d82b2000-7fb4d82b5000 ---p 00000000 00:00 0 
7fb4d82b5000-7fb4d83b3000 rw-p 00000000 00:00 0                          [stack:4754]
7fb4d83b3000-7fb4d83b6000 ---p 00000000 00:00 0 
7fb4d83b6000-7fb4d84b4000 rw-p 00000000 00:00 0                          [stack:4748]
7fb4d84b4000-7fb4d84b7000 ---p 00000000 00:00 0 
7fb4d84b7000-7fb4d85b5000 rw-p 00000000 00:00 0                          [stack:4750]
7fb4d85b5000-7fb4d85b8000 ---p 00000000 00:00 0 
7fb4d85b8000-7fb4d86b6000 rw-p 00000000 00:00 0                          [stack:4749]
7fb4d86b6000-7fb4d86b9000 ---p 00000000 00:00 0 
7fb4d86b9000-7fb4d87b7000 rw-p 00000000 00:00 0                          [stack:4758]
7fb4d87b7000-7fb4d87ba000 ---p 00000000 00:00 0 
7fb4d87ba000-7fb4d88b8000 rw-p 00000000 00:00 0 
7fb4d88b8000-7fb4d88bb000 ---p 00000000 00:00 0 
7fb4d88bb000-7fb4d89b9000 rw-p 00000000 00:00 0                          [stack:4734]
7fb4d89b9000-7fb4d89bc000 ---p 00000000 00:00 0 
7fb4d89bc000-7fb4d8aba000 rw-p 00000000 00:00 0                          [stack:4745]
7fb4d8aba000-7fb4d8abd000 ---p 00000000 00:00 0 
7fb4d8abd000-7fb4d8af3000 rw-p 00000000 00:00 0                          [stack:4693]
7fb4d8af3000-7fb4d8af6000 ---p 00000000 00:00 0 
7fb4d8af6000-7fb4d8b2c000 rw-p 00000000 00:00 0                          [stack:4692]
7fb4d8b2c000-7fb4d8b2f000 ---p 00000000 00:00 0 
7fb4d8b2f000-7fb4d8b65000 rw-p 00000000 00:00 0                          [stack:4691]
7fb4d8b65000-7fb4d8b68000 ---p 00000000 00:00 0 
7fb4d8b68000-7fb4d8b9e000 rw-p 00000000 00:00 0                          [stack:4690]
7fb4d8b9e000-7fb4d8ba1000 ---p 00000000 00:00 0 
7fb4d8ba1000-7fb4d8c9f000 rw-p 00000000 00:00 0                          [stack:4683]
7fb4d8c9f000-7fb4d8ca2000 ---p 00000000 00:00 0 
7fb4d8ca2000-7fb4d8da0000 rw-p 00000000 00:00 0                          [stack:4755]
7fb4d8da0000-7fb4d8da3000 ---p 00000000 00:00 0 
7fb4d8da3000-7fb4d8ea1000 rw-p 00000000 00:00 0 
7fb4d8ea1000-7fb4d8ea4000 ---p 00000000 00:00 0 
7fb4d8ea4000-7fb4d8fa2000 rw-p 00000000 00:00 0                          [stack:4757]
7fb4d8fa2000-7fb4d8fa5000 ---p 00000000 00:00 0 
7fb4d8fa5000-7fb4d90a3000 rw-p 00000000 00:00 0                          [stack:4739]
7fb4d90a3000-7fb4d90a6000 ---p 00000000 00:00 0 
7fb4d90a6000-7fb4d91a4000 rw-p 00000000 00:00 0 
7fb4d91a4000-7fb4d91a7000 ---p 00000000 00:00 0 
7fb4d91a7000-7fb4d92a5000 rw-p 00000000 00:00 0                          [stack:4677]
7fb4d92a5000-7fb4d92a8000 ---p 00000000 00:00 0 
7fb4d92a8000-7fb4d94a6000 rw-p 00000000 00:00 0                          [stack:4676]
7fb4d94a6000-7fb4d95a6000 ---p 00000000 00:00 0 
7fb4d95a6000-7fb4d97a6000 rw-p 00000000 00:00 0 
7fb4d97a6000-7fb4d99a6000 rw-p 00000000 00:00 0 
7fb4d99a6000-7fb4d9ba6000 rw-p 00000000 00:00 0 
7fb4d9ba6000-7fb4d9da6000 rw-p 00000000 00:00 0 
7fb4d9da6000-7fb4d9fa6000 rw-p 00000000 00:00 0 
7fb4d9fa6000-7fb4da1a6000 rw-p 00000000 00:00 0 
7fb4da1a6000-7fb4da3a6000 rw-p 00000000 00:00 0 
7fb4da3a6000-7fb4da3b9000 r--s 00344000 08:05 2767372                    /home/psarmmiey/DevTools/android-studio/jre/jre/lib/resources.jar
7fb4da3b9000-7fb4da5b9000 rw-p 00000000 00:00 0 
7fb4da5b9000-7fb4da7b9000 rw-p 00000000 00:00 0 
7fb4da7b9000-7fb4da9b9000 rw-p 00000000 00:00 0 
7fb4da9b9000-7fb4dabb9000 rw-p 00000000 00:00 0 
7fb4dabb9000-7fb4dabbc000 ---p 00000000 00:00 0 
7fb4dabbc000-7fb4dacba000 rw-p 00000000 00:00 0                          [stack:4646]
7fb4dacba000-7fb4dace5000 r--s 001fc000 08:05 7741119                    /home/psarmmiey/DevTools/android-studio/gradle/m2repository/com/google/guava/guava/18.0/guava-18.0.jar
7fb4dace5000-7fb4dace6000 r--s 00001000 08:05 7741231                    /home/psarmmiey/DevTools/android-studio/gradle/m2repository/com/android/tools/annotations/25.2.2/annotations-25.2.2.jar
7fb4dace6000-7fb4dacf8000 r--s 000b3000 08:05 8129865                    /home/psarmmiey/DevTools/android-studio/gradle/m2repository/com/android/tools/external/com-intellij/uast/145.597.3/uast-145.597.3.jar
7fb4dacf8000-7fb4dad00000 r--s 000a8000 08:05 8129858                    /home/psarmmiey/DevTools/android-studio/gradle/m2repository/com/android/tools/external/lombok/lombok-ast/0.2.3/lombok-ast-0.2.3.jar
7fb4dad00000-7fb4dad02000 r--s 0000d000 08:05 8130306                    /home/psarmmiey/DevTools/android-studio/gradle/m2repository/commons-codec/commons-codec/1.4/commons-codec-1.4.jar
7fb4dad02000-7fb4dad04000 r--s 0000d000 08:05 3940632                    /home/psarmmiey/DevTools/android-studio/gradle/m2repository/commons-logging/commons-logging/1.1.1/commons-logging-1.1.1.jar
7fb4dad04000-7fb4dad09000 r--s 00028000 08:05 7343945                    /home/psarmmiey/DevTools/android-studio/gradle/m2repository/org/apache/httpcomponents/httpcore/4.1/httpcore-4.1.jar
7fb4dad09000-7fb4dad0d000 r--s 0002f000 08:05 7741149                    /home/psarmmiey/DevTools/android-studio/gradle/m2repository/com/google/jimfs/jimfs/1.1/jimfs-1.1.jar
7fb4dad0d000-7fb4dad0e000 r--s 00004000 08:05 7740773                    /home/psarmmiey/DevTools/android-studio/gradle/m2repository/com/intellij/annotations/12.0/annotations-12.0.jar
7fb4dad0e000-7fb4dad0f000 r--s 00004000 08:05 7343767                    /home/psarmmiey/DevTools/android-studio/gradle/m2repository/org/ow2/asm/asm-analysis/5.0.4/asm-analysis-5.0.4.jar
7fb4dad0f000-7fb4dad13000 r--s 0003b000 08:05 8130197                    /home/psarmmiey/DevTools/android-studio/gradle/m2repository/com/android/tools/lint/lint-api/25.2.2/lint-api-25.2.2.jar
7fb4dad13000-7fb4dad14000 r--s 0000a000 08:05 8130268                    /home/psarmmiey/DevTools/android-studio/gradle/m2repository/net/sf/kxml/kxml2/2.3.0/kxml2-2.3.0.jar
7fb4dad14000-7fb4dad16000 r--s 00005000 08:05 7343936                    /home/psarmmiey/DevTools/android-studio/gradle/m2repository/org/apache/httpcomponents/httpmime/4.1/httpmime-4.1.jar
7fb4dad16000-7fb4dad1e000 r--s 0004e000 08:05 7343956                    /home/psarmmiey/DevTools/android-studio/gradle/m2repository/org/apache/httpcomponents/httpclient/4.1.1/httpclient-4.1.1.jar
7fb4dad1e000-7fb4dad25000 r--s 00053000 08:05 7343968                    /home/psarmmiey/DevTools/android-studio/gradle/m2repository/org/apache/commons/commons-compress/1.8.1/commons-compress-1.8.1.jar
7fb4dad25000-7fb4dad2a000 r--s 0002a000 08:05 7741137                    /home/psarmmiey/DevTools/android-studio/gradle/m2repository/com/google/code/gson/gson/2.2.4/gson-2.2.4.jar
7fb4dad2a000-7fb4dad2f000 r--s 0002d000 08:05 8129876                    /home/psarmmiey/DevTools/android-studio/gradle/m2repository/com/android/tools/repository/25.2.2/repository-25.2.2.jar
7fb4dad2f000-7fb4dad30000 r--s 00005000 08:05 8129833                    /home/psarmmiey/DevTools/android-studio/gradle/m2repository/com/android/tools/dvlib/25.2.2/dvlib-25.2.2.jar
7fb4dad30000-7fb4dad33000 r--s 00014000 08:05 7741398                    /home/psarmmiey/DevTools/android-studio/gradle/m2repository/com/android/tools/layoutlib/layoutlib-api/25.2.2/layoutlib-api-25.2.2.jar
7fb4dad33000-7fb4dad38000 r--s 00058000 08:05 7343742                    /home/psarmmiey/DevTools/android-studio/gradle/m2repository/org/ow2/asm/asm-debug-all/5.0.1/asm-debug-all-5.0.1.jar
7fb4dad38000-7fb4dad48000 r--s 000d6000 08:05 8130280                    /home/psarmmiey/DevTools/android-studio/gradle/m2repository/net/sf/proguard/proguard-base/5.2.1/proguard-base-5.2.1.jar
7fb4dad48000-7fb4dad4b000 r--s 00033000 08:05 7741088                    /home/psarmmiey/DevTools/android-studio/gradle/m2repository/com/googlecode/juniversalchardet/juniversalchardet/1.0.3/juniversalchardet-1.0.3.jar
7fb4dad4b000-7fb4dad4f000 r--s 0002a000 08:05 3152197                    /home/psarmmiey/DevTools/android-studio/gradle/m2repository/commons-io/commons-io/2.4/commons-io-2.4.jar
7fb4dad4f000-7fb4dad66000 r--s 00154000 08:05 7343881                    /home/psarmmiey/DevTools/android-studio/gradle/m2repository/org/antlr/antlr4/4.5.3/antlr4-4.5.3.jar
7fb4dad66000-7fb4dad67000 r--s 00002000 08:05 7741173                    /home/psarmmiey/DevTools/android-studio/gradle/m2repository/com/android/databinding/baseLibrary/2.2.2/baseLibrary-2.2.2.jar
7fb4dad67000-7fb4dad7a000 r--s 00236000 08:05 7343826                    /home/psarmmiey/DevTools/android-studio/gradle/m2repository/org/eclipse/jdt/core/compiler/ecj/4.5.1/ecj-4.5.1.jar
7fb4dad7a000-7fb4dad81000 r--s 000c3000 08:05 8130151                    /home/psarmmiey/DevTools/android-studio/gradle/m2repository/com/android/tools/lint/lint-checks/25.2.2/lint-checks-25.2.2.jar
7fb4dad81000-7fb4dad83000 r--s 00006000 08:05 7343781                    /home/psarmmiey/DevTools/android-studio/gradle/m2repository/org/ow2/asm/asm-tree/5.0.4/asm-tree-5.0.4.jar
7fb4dad83000-7fb4dadb6000 r--s 00203000 08:05 7343888                    /home/psarmmiey/DevTools/android-studio/gradle/m2repository/org/bouncycastle/bcprov-jdk15on/1.48/bcprov-jdk15on-1.48.jar
7fb4dadb6000-7fb4dadc4000 r--s 00081000 08:05 7343893                    /home/psarmmiey/DevTools/android-studio/gradle/m2repository/org/bouncycastle/bcpkix-jdk15on/1.48/bcpkix-jdk15on-1.48.jar
7fb4dadc4000-7fb4dadc6000 r--s 00002000 08:05 7741096                    /home/psarmmiey/DevTools/android-studio/gradle/m2repository/com/squareup/javawriter/2.5.0/javawriter-2.5.0.jar
7fb4dadc6000-7fb4dadc7000 r--s 00002000 08:05 8129887                    /home/psarmmiey/DevTools/android-studio/gradle/m2repository/com/android/tools/analytics-library/tracker/25.2.2/tracker-25.2.2.jar
7fb4dadc7000-7fb4dadc9000 r--s 00003000 08:05 8130114                    /home/psarmmiey/DevTools/android-studio/gradle/m2repository/com/android/tools/analytics-library/shared/25.2.2/shared-25.2.2.jar
7fb4dadc9000-7fb4dadd6000 r--s 000ed000 08:05 8129896                    /home/psarmmiey/DevTools/android-studio/gradle/m2repository/com/android/tools/analytics-library/protos/25.2.2/protos-25.2.2.jar
7fb4dadd6000-7fb4dadd7000 r--s 00001000 08:05 8129755                    /home/psarmmiey/DevTools/android-studio/gradle/m2repository/com/android/tools/jill/jill-api/0.10.0/jill-api-0.10.0.jar
7fb4dadd7000-7fb4dadd9000 r--s 00003000 08:05 8130229                    /home/psarmmiey/DevTools/android-studio/gradle/m2repository/com/android/tools/jack/jack-api/0.11.0/jack-api-0.11.0.jar
7fb4dadd9000-7fb4dadde000 r--s 0004a000 08:05 8129801                    /home/psarmmiey/DevTools/android-studio/gradle/m2repository/com/android/tools/ddms/ddmlib/25.2.2/ddmlib-25.2.2.jar
7fb4dadde000-7fb4dade1000 r--s 00021000 08:05 7741318                    /home/psarmmiey/DevTools/android-studio/gradle/m2repository/com/android/tools/build/manifest-merger/25.2.2/manifest-merger-25.2.2.jar
7fb4dade1000-7fb4dade3000 r--s 0001c000 08:05 8130252                    /home/psarmmiey/DevTools/android-studio/gradle/m2repository/com/android/tools/common/25.2.2/common-25.2.2.jar
7fb4dade3000-7fb4dadec000 r--s 00083000 08:05 8129779                    /home/psarmmiey/DevTools/android-studio/gradle/m2repository/com/android/tools/sdk-common/25.2.2/sdk-common-25.2.2.jar
7fb4dadec000-7fb4dadf7000 r--s 0008e000 08:05 8130217                    /home/psarmmiey/DevTools/android-studio/gradle/m2repository/com/android/tools/sdklib/25.2.2/sdklib-25.2.2.jar
7fb4dadf7000-7fb4dadf8000 r--s 00002000 08:05 7741282                    /home/psarmmiey/DevTools/android-studio/gradle/m2repository/com/android/tools/build/builder-test-api/2.2.2/builder-test-api-2.2.2.jar
7fb4dadf8000-7fb4dadfb000 r--s 00005000 08:05 7741363                    /home/psarmmiey/DevTools/android-studio/gradle/m2repository/com/android/tools/build/builder-model/2.2.2/builder-model-2.2.2.jar
7fb4dadfb000-7fb4dae03000 r--s 0007b000 08:05 7741129                    /home/psarmmiey/DevTools/android-studio/gradle/m2repository/com/google/protobuf/protobuf-java/2.5.0/protobuf-java-2.5.0.jar
7fb4dae03000-7fb4dae05000 r--s 0000f000 08:05 8130261                    /home/psarmmiey/DevTools/android-studio/gradle/m2repository/net/sf/jopt-simple/jopt-simple/4.9/jopt-simple-4.9.jar
7fb4dae05000-7fb4dae09000 r--s 0001f000 08:05 7343924                    /home/psarmmiey/DevTools/android-studio/gradle/m2repository/org/jacoco/org.jacoco.report/0.7.5.201505241946/org.jacoco.report-0.7.5.201505241946.jar
7fb4dae09000-7fb4dae0d000 r--s 0001d000 08:05 7343909                    /home/psarmmiey/DevTools/android-studio/gradle/m2repository/org/jacoco/org.jacoco.core/0.7.5.201505241946/org.jacoco.core-0.7.5.201505241946.jar
7fb4dae0d000-7fb4dae0e000 r--s 00002000 08:05 8130296                    /home/psarmmiey/DevTools/android-studio/gradle/m2repository/net/sf/proguard/proguard-gradle/5.2.1/proguard-gradle-5.2.1.jar
7fb4dae0e000-7fb4dae10000 r--s 00009000 08:05 7343790                    /home/psarmmiey/DevTools/android-studio/gradle/m2repository/org/ow2/asm/asm-commons/5.0.4/asm-commons-5.0.4.jar
7fb4dae10000-7fb4dae12000 r--s 0000c000 08:05 7343813                    /home/psarmmiey/DevTools/android-studio/gradle/m2repository/org/ow2/asm/asm/5.0.4/asm-5.0.4.jar
7fb4dae12000-7fb4dae16000 r--s 0002b000 08:05 7741207                    /home/psarmmiey/DevTools/android-studio/gradle/m2repository/com/android/databinding/compilerCommon/2.2.2/compilerCommon-2.2.2.jar
7fb4dae16000-7fb4dae17000 r--s 00002000 08:05 7741300                    /home/psarmmiey/DevTools/android-studio/gradle/m2repository/com/android/tools/build/gradle-api/2.2.2/gradle-api-2.2.2.jar
7fb4dae17000-7fb4dae1c000 r--s 00053000 08:05 8130176                    /home/psarmmiey/DevTools/android-studio/gradle/m2repository/com/android/tools/lint/lint/25.2.2/lint-25.2.2.jar
7fb4dae1c000-7fb4dae33000 r--s 0015d000 08:05 7741265                    /home/psarmmiey/DevTools/android-studio/gradle/m2repository/com/android/tools/build/builder/2.2.2/builder-2.2.2.jar
7fb4dae33000-7fb4dae4f000 r--s 0019d000 08:05 7741338                    /home/psarmmiey/DevTools/android-studio/gradle/m2repository/com/android/tools/build/gradle-core/2.2.2/gradle-core-2.2.2.jar
7fb4dae4f000-7fb4dae51000 r--s 0000d000 08:05 7741379                    /home/psarmmiey/DevTools/android-studio/gradle/m2repository/com/android/tools/build/gradle/2.2.2/gradle-2.2.2.jar
7fb4dae51000-7fb4db051000 rw-p 00000000 00:00 0 
7fb4db051000-7fb4db251000 rw-p 00000000 00:00 0 
7fb4db251000-7fb4db451000 rw-p 00000000 00:00 0 
7fb4db451000-7fb4db4c1000 r--s 00643000 08:05 2767186                    /home/psarmmiey/DevTools/android-studio/lib/groovy-all-2.4.6.jar
7fb4db4c1000-7fb4db4c4000 ---p 00000000 00:00 0 
7fb4db4c4000-7fb4db6fa000 rw-p 00000000 00:00 0                          [stack:4689]
7fb4db6fa000-7fb4db6ff000 r--s 00076000 08:05 2884881                    /home/psarmmiey/DevTools/android-studio/plugins/gradle/lib/gradle-tooling-extension-impl.jar
7fb4db6ff000-7fb4db8ff000 rw-p 00000000 00:00 0 
7fb4db8ff000-7fb4dbaff000 rw-p 00000000 00:00 0 
7fb4dbaff000-7fb4dbb02000 ---p 00000000 00:00 0 
7fb4dbb02000-7fb4dbe00000 rw-p 00000000 00:00 0                          [stack:4639]
7fb4dbe00000-7fb4dc000000 rw-p 00000000 00:00 0 
7fb4dc000000-7fb4dc021000 rw-p 00000000 00:00 0 
7fb4dc021000-7fb4e0000000 ---p 00000000 00:00 0 
7fb4e0000000-7fb4e0021000 rw-p 00000000 00:00 0 
7fb4e0021000-7fb4e4000000 ---p 00000000 00:00 0 
7fb4e4000000-7fb4e4021000 rw-p 00000000 00:00 0 
7fb4e4021000-7fb4e8000000 ---p 00000000 00:00 0 
7fb4e8000000-7fb4e8070000 rw-p 00000000 00:00 0 
7fb4e8070000-7fb4ec000000 ---p 00000000 00:00 0 
7fb4ec000000-7fb4eca72000 rw-p 00000000 00:00 0 
7fb4eca72000-7fb4f0000000 ---p 00000000 00:00 0 
7fb4f0000000-7fb4f0021000 rw-p 00000000 00:00 0 
7fb4f0021000-7fb4f4000000 ---p 00000000 00:00 0 
7fb4f4000000-7fb4f4021000 rw-p 00000000 00:00 0 
7fb4f4021000-7fb4f8000000 ---p 00000000 00:00 0 
7fb4f8000000-7fb4f9ddb000 rw-p 00000000 00:00 0 
7fb4f9ddb000-7fb4fc000000 ---p 00000000 00:00 0 
7fb4fc000000-7fb4fc021000 rw-p 00000000 00:00 0 
7fb4fc021000-7fb500000000 ---p 00000000 00:00 0 
7fb500000000-7fb500021000 rw-p 00000000 00:00 0 
7fb500021000-7fb504000000 ---p 00000000 00:00 0 
7fb504000000-7fb504054000 rw-p 00000000 00:00 0 
7fb504054000-7fb508000000 ---p 00000000 00:00 0 
7fb508000000-7fb50828d000 rw-p 00000000 00:00 0 
7fb50828d000-7fb50c000000 ---p 00000000 00:00 0 
7fb50c000000-7fb50c038000 rw-p 00000000 00:00 0 
7fb50c038000-7fb510000000 ---p 00000000 00:00 0 
7fb510000000-7fb510001000 r--s 00000000 08:05 7741341                    /home/psarmmiey/DevTools/android-studio/gradle/m2repository/com/android/tools/build/transform-api/2.0.0-deprecated-use-gradle-api/transform-api-2.0.0-deprecated-use-gradle-api.jar
7fb510001000-7fb510002000 r--p 00000000 00:00 0 
7fb510002000-7fb510004000 r--s 0000a000 08:05 2884864                    /home/psarmmiey/DevTools/android-studio/plugins/gradle/lib/gradle-tooling-extension-api.jar
7fb510004000-7fb51002c000 r--s 001cf000 08:05 2884861                    /home/psarmmiey/DevTools/android-studio/plugins/gradle/lib/guava-jdk5-17.0.jar
7fb51002c000-7fb510031000 r--s 00034000 08:05 2767155                    /home/psarmmiey/DevTools/android-studio/lib/gson-2.5.jar
7fb510031000-7fb510032000 r--s 00002000 08:05 2767183                    /home/psarmmiey/DevTools/android-studio/lib/external-system-rt.jar
7fb510032000-7fb510033000 r--s 00000000 08:05 2768031                    /home/psarmmiey/.gradle/caches/jars-1/dg22azhabc6tsc1i8xni15giz1bnssh/gradle-appengine-builder-model-0.1.0.jar
7fb510033000-7fb510036000 r--s 00005000 08:05 2626448                    /home/psarmmiey/.gradle/caches/jars-1/aembewtwr3e7s6a0xkzh7au0nqprc8i/builder-model-2.2.0-alpha6.jar
7fb510036000-7fb510037000 r--s 00002000 08:05 2626446                    /home/psarmmiey/.gradle/caches/jars-1/9pat4a2vl3jrskpg2kra342ensd6e7/external-system-rt.jar
7fb510037000-7fb510039000 r--s 0000a000 08:05 2626444                    /home/psarmmiey/.gradle/caches/jars-1/411vq8j40nmkhjbby7ci72fm3i2jnfb/gradle-tooling-extension-api.jar
7fb510039000-7fb510046000 r--s 0017f000 08:05 2626442                    /home/psarmmiey/.gradle/caches/jars-1/k645wab4rd5a5h570wgy6nyiiaa7avd/velocity.jar
7fb510046000-7fb51007d000 r--s 001bd000 08:05 2626440                    /home/psarmmiey/.gradle/caches/jars-1/2xkn8y4g49ep3x2f5cg5s5a2xqtca3v/gradle-core-2.14.1.jar
7fb51007d000-7fb5100a5000 r--s 001cf000 08:05 1969237                    /home/psarmmiey/.gradle/caches/jars-1/87eo0lrvp84r6dbxjq018wy66es2era/guava-jdk5-17.0.jar
7fb5100a5000-7fb5100ad000 r--s 0003a000 08:05 2626438                    /home/psarmmiey/.gradle/caches/jars-1/fdivu3ta8l5xdemt5omuo26ei8xpixu/gradle-base-services-2.14.1.jar
7fb5100ad000-7fb5100bb000 r--s 0004f000 08:05 2626436                    /home/psarmmiey/.gradle/caches/jars-1/lx7cd34m09bn56fdke7xikr221f6475/gradle-tooling-api-2.14.1.jar
7fb5100bb000-7fb510133000 r--s 010eb000 08:05 2767314                    /home/psarmmiey/DevTools/android-studio/jre/lib/tools.jar
7fb510133000-7fb510136000 ---p 00000000 00:00 0 
7fb510136000-7fb510234000 rw-p 00000000 00:00 0                          [stack:4666]
7fb510234000-7fb510237000 ---p 00000000 00:00 0 
7fb510237000-7fb510335000 rw-p 00000000 00:00 0                          [stack:4664]
7fb510335000-7fb510338000 ---p 00000000 00:00 0 
7fb510338000-7fb510436000 rw-p 00000000 00:00 0                          [stack:4632]
7fb510436000-7fb510439000 ---p 00000000 00:00 0 
7fb510439000-7fb510537000 rw-p 00000000 00:00 0                          [stack:4661]
7fb510537000-7fb51053a000 ---p 00000000 00:00 0 
7fb51053a000-7fb510638000 rw-p 00000000 00:00 0                          [stack:4660]
7fb510638000-7fb51063b000 ---p 00000000 00:00 0 
7fb51063b000-7fb510739000 rw-p 00000000 00:00 0                          [stack:4629]
7fb510739000-7fb51073c000 ---p 00000000 00:00 0 
7fb51073c000-7fb510a3a000 rw-p 00000000 00:00 0                          [stack:4628]
7fb510a3a000-7fb510a41000 r--s 00000000 08:05 11806055                   /usr/lib/x86_64-linux-gnu/gconv/gconv-modules.cache
7fb510a41000-7fb510a44000 ---p 00000000 00:00 0 
7fb510a44000-7fb510b42000 rw-p 00000000 00:00 0                          [stack:4626]
7fb510b42000-7fb510b4b000 r-xp 00000000 08:05 2767450                    /home/psarmmiey/DevTools/android-studio/jre/jre/lib/amd64/libmanagement.so
7fb510b4b000-7fb510d4a000 ---p 00009000 08:05 2767450                    /home/psarmmiey/DevTools/android-studio/jre/jre/lib/amd64/libmanagement.so
7fb510d4a000-7fb510d4b000 r--p 00008000 08:05 2767450                    /home/psarmmiey/DevTools/android-studio/jre/jre/lib/amd64/libmanagement.so
7fb510d4b000-7fb510d4c000 rw-p 00009000 08:05 2767450                    /home/psarmmiey/DevTools/android-studio/jre/jre/lib/amd64/libmanagement.so
7fb510d4c000-7fb510d50000 r--s 00097000 08:05 2767424                    /home/psarmmiey/DevTools/android-studio/jre/jre/lib/jsse.jar
7fb510d50000-7fb510d52000 r--s 00007000 08:05 2767790                    /home/psarmmiey/DevTools/android-studio/gradle/gradle-2.14.1/lib/plugins/gradle-tooling-api-builders-2.14.1.jar
7fb510d52000-7fb510d55000 r--s 00008000 08:05 2767784                    /home/psarmmiey/DevTools/android-studio/gradle/gradle-2.14.1/lib/plugins/gradle-testing-native-2.14.1.jar
7fb510d55000-7fb510d57000 r--s 00009000 08:05 2767865                    /home/psarmmiey/DevTools/android-studio/gradle/gradle-2.14.1/lib/plugins/hamcrest-core-1.3.jar
7fb510d57000-7fb510d5d000 r--s 00033000 08:05 2767795                    /home/psarmmiey/DevTools/android-studio/gradle/gradle-2.14.1/lib/plugins/snakeyaml-1.6.jar
7fb510d5d000-7fb510d5f000 r--s 00006000 08:05 2767816                    /home/psarmmiey/DevTools/android-studio/gradle/gradle-2.14.1/lib/plugins/jcommander-1.12.jar
7fb510d5f000-7fb510d64000 r--s 00040000 08:05 2767793                    /home/psarmmiey/DevTools/android-studio/gradle/gradle-2.14.1/lib/plugins/bsh-2.0b4.jar
7fb510d64000-7fb510d6d000 r--s 00089000 08:05 2767819                    /home/psarmmiey/DevTools/android-studio/gradle/gradle-2.14.1/lib/plugins/testng-6.3.1.jar
7fb510d6d000-7fb510d75000 r--s 00045000 08:05 2767824                    /home/psarmmiey/DevTools/android-studio/gradle/gradle-2.14.1/lib/plugins/junit-4.12.jar
7fb510d75000-7fb510d7b000 r--s 0002e000 08:05 2767800                    /home/psarmmiey/DevTools/android-studio/gradle/gradle-2.14.1/lib/plugins/gradle-testing-jvm-2.14.1.jar
7fb510d7b000-7fb510d80000 r--s 00015000 08:05 2767809                    /home/psarmmiey/DevTools/android-studio/gradle/gradle-2.14.1/lib/plugins/gradle-testing-base-2.14.1.jar
7fb510d80000-7fb510d81000 r--s 00002000 08:05 2767822                    /home/psarmmiey/DevTools/android-studio/gradle/gradle-2.14.1/lib/plugins/sonar-batch-bootstrapper-2.9.jar
7fb510d81000-7fb510d84000 r--s 00015000 08:05 2767799                    /home/psarmmiey/DevTools/android-studio/gradle/gradle-2.14.1/lib/plugins/gradle-sonar-2.14.1.jar
7fb510d84000-7fb510d8b000 r--s 00038000 08:05 2767840                    /home/psarmmiey/DevTools/android-studio/gradle/gradle-2.14.1/lib/plugins/bcpg-jdk15on-1.51.jar
7fb510d8b000-7fb510d8d000 r--s 0000d000 08:05 2767846                    /home/psarmmiey/DevTools/android-studio/gradle/gradle-2.14.1/lib/plugins/gradle-signing-2.14.1.jar
7fb510d8d000-7fb510d90000 r--s 00009000 08:05 2767829                    /home/psarmmiey/DevTools/android-studio/gradle/gradle-2.14.1/lib/plugins/gradle-scala-2.14.1.jar
7fb510d90000-7fb510d91000 r--s 00004000 08:05 2767853                    /home/psarmmiey/DevTools/android-studio/gradle/gradle-2.14.1/lib/plugins/gradle-resources-sftp-2.14.1.jar
7fb510d91000-7fb510da1000 r--s 00088000 08:05 2767806                    /home/psarmmiey/DevTools/android-studio/gradle/gradle-2.14.1/lib/plugins/joda-time-2.8.2.jar
7fb510da1000-7fb510db2000 r--s 000cf000 08:05 2767872                    /home/psarmmiey/DevTools/android-studio/gradle/gradle-2.14.1/lib/plugins/jackson-databind-2.3.2.jar
7fb510db2000-7fb510db4000 r--s 00007000 08:05 2767835                    /home/psarmmiey/DevTools/android-studio/gradle/gradle-2.14.1/lib/plugins/jackson-annotations-2.3.2.jar
7fb510db4000-7fb510db7000 r--s 0002e000 08:05 2767842                    /home/psarmmiey/DevTools/android-studio/gradle/gradle-2.14.1/lib/plugins/jackson-core-2.3.2.jar
7fb510db7000-7fb510dc2000 r--s 0006b000 08:05 2767886                    /home/psarmmiey/DevTools/android-studio/gradle/gradle-2.14.1/lib/plugins/aws-java-sdk-core-1.9.19.jar
7fb510dc2000-7fb510dc8000 r--s 00036000 08:05 2767834                    /home/psarmmiey/DevTools/android-studio/gradle/gradle-2.14.1/lib/plugins/aws-java-sdk-kms-1.9.19.jar
7fb510dc8000-7fb510dd3000 r--s 00079000 08:05 2767821                    /home/psarmmiey/DevTools/android-studio/gradle/gradle-2.14.1/lib/plugins/aws-java-sdk-s3-1.9.19.jar
7fb510dd3000-7fb510dd4000 r--s 00003000 08:05 2767868                    /home/psarmmiey/DevTools/android-studio/gradle/gradle-2.14.1/lib/plugins/gradle-resources-s3-2.14.1.jar
7fb510dd4000-7fb510dd6000 r--s 00005000 08:05 2767863                    /home/psarmmiey/DevTools/android-studio/gradle/gradle-2.14.1/lib/plugins/jatl-0.2.2.jar
7fb510dd6000-7fb510dd8000 r--s 0000f000 08:05 2767880                    /home/psarmmiey/DevTools/android-studio/gradle/gradle-2.14.1/lib/plugins/gradle-reporting-2.14.1.jar
7fb510dd8000-7fb510dda000 r--s 00002000 08:05 2767839                    /home/psarmmiey/DevTools/android-studio/gradle/gradle-2.14.1/lib/plugins/gradle-publish-2.14.1.jar
7fb510dda000-7fb510ddc000 r--s 00009000 08:05 2767812                    /home/psarmmiey/DevTools/android-studio/gradle/gradle-2.14.1/lib/plugins/commons-cli-1.2.jar
7fb510ddc000-7fb510de2000 r--s 00033000 08:05 2767823                    /home/psarmmiey/DevTools/android-studio/gradle/gradle-2.14.1/lib/plugins/gradle-plugins-2.14.1.jar
7fb510de2000-7fb510de4000 r--s 00007000 08:05 2767787                    /home/psarmmiey/DevTools/android-studio/gradle/gradle-2.14.1/lib/plugins/gradle-plugin-development-2.14.1.jar
7fb510de4000-7fb510dea000 r--s 0002a000 08:05 2767845                    /home/psarmmiey/DevTools/android-studio/gradle/gradle-2.14.1/lib/plugins/gradle-platform-play-2.14.1.jar
7fb510dea000-7fb510df7000 r--s 0004d000 08:05 2767844                    /home/psarmmiey/DevTools/android-studio/gradle/gradle-2.14.1/lib/plugins/gradle-platform-native-2.14.1.jar
7fb510df7000-7fb510dfb000 r--s 0001a000 08:05 2767866                    /home/psarmmiey/DevTools/android-studio/gradle/gradle-2.14.1/lib/plugins/gradle-platform-jvm-2.14.1.jar
7fb510dfb000-7fb510e02000 r--s 00029000 08:05 2767815                    /home/psarmmiey/DevTools/android-studio/gradle/gradle-2.14.1/lib/plugins/gradle-platform-base-2.14.1.jar
7fb510e02000-7fb510e23000 r--s 001c3000 08:05 2767791                    /home/psarmmiey/DevTools/android-studio/gradle/gradle-2.14.1/lib/plugins/bndlib-2.4.0.jar
7fb510e23000-7fb510e25000 r--s 00003000 08:05 2767871                    /home/psarmmiey/DevTools/android-studio/gradle/gradle-2.14.1/lib/plugins/gradle-osgi-2.14.1.jar
7fb510e25000-7fb510e28000 r--s 0000c000 08:05 2767875                    /home/psarmmiey/DevTools/android-studio/gradle/gradle-2.14.1/lib/plugins/pmaven-groovy-0.8-20100325.jar
7fb510e28000-7fb510e29000 r--s 00004000 08:05 2767861                    /home/psarmmiey/DevTools/android-studio/gradle/gradle-2.14.1/lib/plugins/pmaven-common-0.8-20100325.jar
7fb510e29000-7fb510e2f000 r--s 00022000 08:05 2767814                    /home/psarmmiey/DevTools/android-studio/gradle/gradle-2.14.1/lib/plugins/gradle-maven-2.14.1.jar
7fb510e2f000-7fb510e31000 r--s 0000a000 08:05 2767796                    /home/psarmmiey/DevTools/android-studio/gradle/gradle-2.14.1/lib/plugins/gradle-language-scala-2.14.1.jar
7fb510e31000-7fb510e37000 r--s 0001a000 08:05 2767801                    /home/psarmmiey/DevTools/android-studio/gradle/gradle-2.14.1/lib/plugins/gradle-language-native-2.14.1.jar
7fb510e37000-7fb510e39000 r--s 00008000 08:05 2767789                    /home/psarmmiey/DevTools/android-studio/gradle/gradle-2.14.1/lib/plugins/gradle-language-jvm-2.14.1.jar
7fb510e39000-7fb510e3f000 r--s 00024000 08:05 2767862                    /home/psarmmiey/DevTools/android-studio/gradle/gradle-2.14.1/lib/plugins/gradle-language-java-2.14.1.jar
7fb510e3f000-7fb510e41000 r--s 0000a000 08:05 2767843                    /home/psarmmiey/DevTools/android-studio/gradle/gradle-2.14.1/lib/plugins/gradle-language-groovy-2.14.1.jar
7fb510e41000-7fb510e44000 r--s 0001e000 08:05 2767783                    /home/psarmmiey/DevTools/android-studio/gradle/gradle-2.14.1/lib/plugins/jsp-api-2.1-6.1.14.jar
7fb510e44000-7fb510e67000 r--s 00344000 08:05 2767836                    /home/psarmmiey/DevTools/android-studio/gradle/gradle-2.14.1/lib/plugins/core-3.1.1.jar
7fb510e67000-7fb510e68000 r--s 00006000 08:05 2767873                    /home/psarmmiey/DevTools/android-studio/gradle/gradle-2.14.1/lib/plugins/jetty-naming-6.1.25.jar
7fb510e68000-7fb510e69000 r--s 00002000 08:05 2767831                    /home/psarmmiey/DevTools/android-studio/gradle/gradle-2.14.1/lib/plugins/geronimo-annotation_1.0_spec-1.0.jar
7fb510e69000-7fb510e6b000 r--s 00002000 08:05 2767869                    /home/psarmmiey/DevTools/android-studio/gradle/gradle-2.14.1/lib/plugins/jetty-annotations-6.1.25.jar
7fb510e6b000-7fb510e7c000 r--s 000ea000 08:05 2767882                    /home/psarmmiey/DevTools/android-studio/gradle/gradle-2.14.1/lib/plugins/jsp-2.1-6.1.14.jar
7fb510e7c000-7fb510e7e000 r--s 0000d000 08:05 2767837                    /home/psarmmiey/DevTools/android-studio/gradle/gradle-2.14.1/lib/plugins/jetty-plus-6.1.25.jar
7fb510e7e000-7fb510e80000 r--s 0001f000 08:05 2767893                    /home/psarmmiey/DevTools/android-studio/gradle/gradle-2.14.1/lib/plugins/servlet-api-2.5-20081211.jar
7fb510e80000-7fb510e84000 r--s 00028000 08:05 2767817                    /home/psarmmiey/DevTools/android-studio/gradle/gradle-2.14.1/lib/plugins/jetty-util-6.1.25.jar
7fb510e84000-7fb510e8b000 r--s 0007d000 08:05 2767825                    /home/psarmmiey/DevTools/android-studio/gradle/gradle-2.14.1/lib/plugins/jetty-6.1.25.jar
7fb510e8b000-7fb510e8d000 r--s 00009000 08:05 2767878                    /home/psarmmiey/DevTools/android-studio/gradle/gradle-2.14.1/lib/plugins/gradle-jetty-2.14.1.jar
7fb510e8d000-7fb510e94000 r--s 00035000 08:05 2767889                    /home/psarmmiey/DevTools/android-studio/gradle/gradle-2.14.1/lib/plugins/simple-4.1.21.jar
7fb510e94000-7fb510ea0000 r--s 00100000 08:05 2767807                    /home/psarmmiey/DevTools/android-studio/gradle/gradle-2.14.1/lib/plugins/rhino-1.7R3.jar
7fb510ea0000-7fb510ea4000 r--s 00011000 08:05 2767860                    /home/psarmmiey/DevTools/android-studio/gradle/gradle-2.14.1/lib/plugins/gradle-javascript-2.14.1.jar
7fb510ea4000-7fb510ea6000 r--s 0000c000 08:05 2767891                    /home/psarmmiey/DevTools/android-studio/gradle/gradle-2.14.1/lib/plugins/gradle-jacoco-2.14.1.jar
7fb510ea6000-7fb510ea9000 r--s 0000e000 08:05 2767888                    /home/psarmmiey/DevTools/android-studio/gradle/gradle-2.14.1/lib/plugins/gradle-ivy-2.14.1.jar
7fb510ea9000-7fb510eaa000 r--s 00002000 08:05 2767883                    /home/psarmmiey/DevTools/android-studio/gradle/gradle-2.14.1/lib/plugins/gradle-ide-play-2.14.1.jar
7fb510eaa000-7fb510eaf000 r--s 0002b000 08:05 2767879                    /home/psarmmiey/DevTools/android-studio/gradle/gradle-2.14.1/lib/plugins/gradle-ide-native-2.14.1.jar
7fb510eaf000-7fb510eba000 r--s 00066000 08:05 2767797                    /home/psarmmiey/DevTools/android-studio/gradle/gradle-2.14.1/lib/plugins/gradle-ide-2.14.1.jar
7fb510eba000-7fb510ebb000 r--s 00008000 08:05 2767794                    /home/psarmmiey/DevTools/android-studio/gradle/gradle-2.14.1/lib/plugins/gradle-ear-2.14.1.jar
7fb510ebb000-7fb510ec1000 r--s 00032000 08:05 2767805                    /home/psarmmiey/DevTools/android-studio/gradle/gradle-2.14.1/lib/plugins/gradle-diagnostics-2.14.1.jar
7fb510ec1000-7fb510ec5000 r--s 00021000 08:05 2767881                    /home/psarmmiey/DevTools/android-studio/gradle/gradle-2.14.1/lib/plugins/gradle-code-quality-2.14.1.jar
7fb510ec5000-7fb510ec9000 r--s 0001f000 08:05 2767804                    /home/psarmmiey/DevTools/android-studio/gradle/gradle-2.14.1/lib/plugins/gradle-build-init-2.14.1.jar
7fb510ec9000-7fb510ed0000 r--s 0008e000 08:05 2767885                    /home/psarmmiey/DevTools/android-studio/gradle/gradle-2.14.1/lib/plugins/gradle-build-comparison-2.14.1.jar
7fb510ed0000-7fb510ed2000 r--s 00008000 08:05 2767864                    /home/psarmmiey/DevTools/android-studio/gradle/gradle-2.14.1/lib/plugins/gradle-antlr-2.14.1.jar
7fb510ed2000-7fb510ed4000 r--s 00004000 08:05 2767887                    /home/psarmmiey/DevTools/android-studio/gradle/gradle-2.14.1/lib/plugins/gradle-announce-2.14.1.jar
7fb510ed4000-7fb510eec000 r--s 00115000 08:05 2767828                    /home/psarmmiey/DevTools/android-studio/gradle/gradle-2.14.1/lib/plugins/xercesImpl-2.9.1.jar
7fb510eec000-7fb510ef4000 r--s 00028000 08:05 2767856                    /home/psarmmiey/DevTools/android-studio/gradle/gradle-2.14.1/lib/plugins/xml-apis-1.3.04.jar
7fb510ef4000-7fb510efa000 r--s 0005b000 08:05 2767847                    /home/psarmmiey/DevTools/android-studio/gradle/gradle-2.14.1/lib/plugins/jcifs-1.3.17.jar
7fb510efa000-7fb510f01000 r--s 00049000 08:05 2767858                    /home/psarmmiey/DevTools/android-studio/gradle/gradle-2.14.1/lib/plugins/httpcore-4.4.4.jar
7fb510f01000-7fb510f07000 r--s 00033000 08:05 2767803                    /home/psarmmiey/DevTools/android-studio/gradle/gradle-2.14.1/lib/plugins/commons-codec-1.6.jar
7fb510f07000-7fb510f0a000 r--s 0001c000 08:05 2767798                    /home/psarmmiey/DevTools/android-studio/gradle/gradle-2.14.1/lib/plugins/nekohtml-1.9.14.jar
7fb510f0a000-7fb510f17000 r--s 000a4000 08:05 2767876                    /home/psarmmiey/DevTools/android-studio/gradle/gradle-2.14.1/lib/plugins/httpclient-4.4.1.jar
7fb510f17000-7fb510f19000 r--s 0000a000 08:05 2767785                    /home/psarmmiey/DevTools/android-studio/gradle/gradle-2.14.1/lib/plugins/gradle-resources-http-2.14.1.jar
7fb510f19000-7fb510f1d000 r--s 00014000 08:05 2767850                    /home/psarmmiey/DevTools/android-studio/gradle/gradle-2.14.1/lib/plugins/gradle-plugin-use-2.14.1.jar
7fb510f1d000-7fb510f1e000 r--s 00000000 08:05 2767741                    /home/psarmmiey/DevTools/android-studio/gradle/gradle-2.14.1/lib/gradle-installation-beacon-2.14.1.jar
7fb510f1e000-7fb510f1f000 r--s 00007000 08:05 2767813                    /home/psarmmiey/DevTools/android-studio/gradle/gradle-2.14.1/lib/plugins/wagon-http-shared4-2.4.jar
7fb510f1f000-7fb510f23000 r--s 00033000 08:05 2767867                    /home/psarmmiey/DevTools/android-studio/gradle/gradle-2.14.1/lib/plugins/plexus-utils-2.0.6.jar
7fb510f23000-7fb510f27000 r--s 00021000 08:05 2767849                    /home/psarmmiey/DevTools/android-studio/gradle/gradle-2.14.1/lib/plugins/maven-model-builder-3.0.4.jar
7fb510f27000-7fb510f28000 r--s 00002000 08:05 2767802                    /home/psarmmiey/DevTools/android-studio/gradle/gradle-2.14.1/lib/plugins/wagon-file-2.4.jar
7fb510f28000-7fb510f2a000 r--s 00002000 08:05 2767859                    /home/psarmmiey/DevTools/android-studio/gradle/gradle-2.14.1/lib/plugins/plexus-cipher-1.7.jar
7fb510f2a000-7fb510f2d000 r--s 00013000 08:05 2767892                    /home/psarmmiey/DevTools/android-studio/gradle/gradle-2.14.1/lib/plugins/aether-api-1.13.1.jar
7fb510f2d000-7fb510f2f000 r--s 0000a000 08:05 2767818                    /home/psarmmiey/DevTools/android-studio/gradle/gradle-2.14.1/lib/plugins/maven-settings-3.0.4.jar
7fb510f2f000-7fb510f31000 r--s 0000d000 08:05 2767851                    /home/psarmmiey/DevTools/android-studio/gradle/gradle-2.14.1/lib/plugins/plexus-interpolation-1.14.jar
7fb510f31000-7fb510f33000 r--s 0000b000 08:05 2767874                    /home/psarmmiey/DevTools/android-studio/gradle/gradle-2.14.1/lib/plugins/maven-artifact-3.0.4.jar
7fb510f33000-7fb510f3a000 r--s 0002e000 08:05 2767810                    /home/psarmmiey/DevTools/android-studio/gradle/gradle-2.14.1/lib/plugins/plexus-container-default-1.5.5.jar
7fb510f3a000-7fb510f3c000 r--s 0000b000 08:05 2767838                    /home/psarmmiey/DevTools/android-studio/gradle/gradle-2.14.1/lib/plugins/maven-plugin-api-3.0.4.jar
7fb510f3c000-7fb510f3e000 r--s 00000000 08:05 2767841                    /home/psarmmiey/DevTools/android-studio/gradle/gradle-2.14.1/lib/plugins/plexus-component-annotations-1.5.5.jar
7fb510f3e000-7fb510f44000 r--s 0003f000 08:05 2767852                    /home/psarmmiey/DevTools/android-studio/gradle/gradle-2.14.1/lib/plugins/maven-compat-3.0.4.jar
7fb510f44000-7fb510f47000 r--s 00008000 08:05 2767826                    /home/psarmmiey/DevTools/android-studio/gradle/gradle-2.14.1/lib/plugins/maven-settings-builder-3.0.4.jar
7fb510f47000-7fb510f48000 r--s 00002000 08:05 2767782                    /home/psarmmiey/DevTools/android-studio/gradle/gradle-2.14.1/lib/plugins/wagon-http-2.4.jar
7fb510f48000-7fb510f4a000 r--s 00026000 08:05 2767890                    /home/psarmmiey/DevTools/android-studio/gradle/gradle-2.14.1/lib/plugins/maven-model-3.0.4.jar
7fb510f4a000-7fb510f4c000 r--s 00006000 08:05 2767870                    /home/psarmmiey/DevTools/android-studio/gradle/gradle-2.14.1/lib/plugins/aether-connector-wagon-1.13.1.jar
7fb510f4c000-7fb510f4e000 r--s 0000a000 08:05 2767811                    /home/psarmmiey/DevTools/android-studio/gradle/gradle-2.14.1/lib/plugins/plexus-classworlds-2.4.jar
7fb510f4e000-7fb510f50000 r--s 00006000 08:05 2767854                    /home/psarmmiey/DevTools/android-studio/gradle/gradle-2.14.1/lib/plugins/maven-repository-metadata-3.0.4.jar
7fb510f50000-7fb510f52000 r--s 0000c000 08:05 2767830                    /home/psarmmiey/DevTools/android-studio/gradle/gradle-2.14.1/lib/plugins/maven-aether-provider-3.0.4.jar
7fb510f52000-7fb510f54000 r--s 0000b000 08:05 2767820                    /home/psarmmiey/DevTools/android-studio/gradle/gradle-2.14.1/lib/plugins/wagon-provider-api-2.4.jar
7fb510f54000-7fb510f55000 r--s 00003000 08:05 2767786                    /home/psarmmiey/DevTools/android-studio/gradle/gradle-2.14.1/lib/plugins/aether-spi-1.13.1.jar
7fb510f55000-7fb510f59000 r--s 0001c000 08:05 2767884                    /home/psarmmiey/DevTools/android-studio/gradle/gradle-2.14.1/lib/plugins/aether-util-1.13.1.jar
7fb510f59000-7fb510f5c000 r--s 0001d000 08:05 2767848                    /home/psarmmiey/DevTools/android-studio/gradle/gradle-2.14.1/lib/plugins/aether-impl-1.13.1.jar
7fb510f5c000-7fb510f5d000 r--s 00006000 08:05 2767855                    /home/psarmmiey/DevTools/android-studio/gradle/gradle-2.14.1/lib/plugins/plexus-sec-dispatcher-1.3.jar
7fb510f5d000-7fb510f62000 r--s 00040000 08:05 2767788                    /home/psarmmiey/DevTools/android-studio/gradle/gradle-2.14.1/lib/plugins/jsch-0.1.53.jar
7fb510f62000-7fb510fa2000 r--s 00277000 08:05 2767792                    /home/psarmmiey/DevTools/android-studio/gradle/gradle-2.14.1/lib/plugins/bcprov-jdk15on-1.51.jar
7fb510fa2000-7fb510fa6000 r--s 0001d000 08:05 2767833                    /home/psarmmiey/DevTools/android-studio/gradle/gradle-2.14.1/lib/plugins/xbean-reflect-3.4.jar
7fb510fa6000-7fb510fb2000 r--s 0007d000 08:05 2767857                    /home/psarmmiey/DevTools/android-studio/gradle/gradle-2.14.1/lib/plugins/maven-core-3.0.4.jar
7fb510fb2000-7fb510fb7000 r--s 0002a000 08:05 2767827                    /home/psarmmiey/DevTools/android-studio/gradle/gradle-2.14.1/lib/plugins/gson-2.2.4.jar
7fb510fb7000-7fb510fcd000 r-xp 00000000 08:05 6160425                    /lib/x86_64-linux-gnu/libgcc_s.so.1
7fb510fcd000-7fb5111cc000 ---p 00016000 08:05 6160425                    /lib/x86_64-linux-gnu/libgcc_s.so.1
7fb5111cc000-7fb5111cd000 r--p 00015000 08:05 6160425                    /lib/x86_64-linux-gnu/libgcc_s.so.1
7fb5111cd000-7fb5111ce000 rw-p 00016000 08:05 6160425                    /lib/x86_64-linux-gnu/libgcc_s.so.1
7fb5111ce000-7fb511341000 r-xp 00000000 08:05 11535960                   /usr/lib/x86_64-linux-gnu/libstdc++.so.6.0.21
7fb511341000-7fb511540000 ---p 00173000 08:05 11535960                   /usr/lib/x86_64-linux-gnu/libstdc++.so.6.0.21
7fb511540000-7fb51154a000 r--p 00172000 08:05 11535960                   /usr/lib/x86_64-linux-gnu/libstdc++.so.6.0.21
7fb51154a000-7fb51154c000 rw-p 0017c000 08:05 11535960                   /usr/lib/x86_64-linux-gnu/libstdc++.so.6.0.21
7fb51154c000-7fb511550000 rw-p 00000000 00:00 0 
7fb511550000-7fb51155f000 r--s 000d9000 08:05 2767808                    /home/psarmmiey/DevTools/android-studio/gradle/gradle-2.14.1/lib/plugins/ivy-2.2.0.jar
7fb51155f000-7fb51157b000 r--s 000d3000 08:05 2767832                    /home/psarmmiey/DevTools/android-studio/gradle/gradle-2.14.1/lib/plugins/gradle-dependency-management-2.14.1.jar
7fb51157b000-7fb51157f000 r-xp 00000000 08:05 1968862                    /home/psarmmiey/.gradle/native/19/linux-amd64/libnative-platform.so
7fb51157f000-7fb51177e000 ---p 00004000 08:05 1968862                    /home/psarmmiey/.gradle/native/19/linux-amd64/libnative-platform.so
7fb51177e000-7fb51177f000 rw-p 00003000 08:05 1968862                    /home/psarmmiey/.gradle/native/19/linux-amd64/libnative-platform.so
7fb51177f000-7fb511790000 r-xp 00000000 08:05 2767438                    /home/psarmmiey/DevTools/android-studio/jre/jre/lib/amd64/libnio.so
7fb511790000-7fb51198f000 ---p 00011000 08:05 2767438                    /home/psarmmiey/DevTools/android-studio/jre/jre/lib/amd64/libnio.so
7fb51198f000-7fb511990000 r--p 00010000 08:05 2767438                    /home/psarmmiey/DevTools/android-studio/jre/jre/lib/amd64/libnio.so
7fb511990000-7fb511991000 rw-p 00011000 08:05 2767438                    /home/psarmmiey/DevTools/android-studio/jre/jre/lib/amd64/libnio.so
7fb511991000-7fb511c92000 rw-p 00000000 00:00 0 
7fb511c92000-7fb511ca9000 r-xp 00000000 08:05 2767436                    /home/psarmmiey/DevTools/android-studio/jre/jre/lib/amd64/libnet.so
7fb511ca9000-7fb511ea8000 ---p 00017000 08:05 2767436                    /home/psarmmiey/DevTools/android-studio/jre/jre/lib/amd64/libnet.so
7fb511ea8000-7fb511ea9000 r--p 00016000 08:05 2767436                    /home/psarmmiey/DevTools/android-studio/jre/jre/lib/amd64/libnet.so
7fb511ea9000-7fb511eaa000 rw-p 00017000 08:05 2767436                    /home/psarmmiey/DevTools/android-studio/jre/jre/lib/amd64/libnet.so
7fb511eaa000-7fb511eac000 r--s 00005000 08:05 2767751                    /home/psarmmiey/DevTools/android-studio/gradle/gradle-2.14.1/lib/gradle-wrapper-2.14.1.jar
7fb511eac000-7fb511eba000 r--s 0004f000 08:05 2767736                    /home/psarmmiey/DevTools/android-studio/gradle/gradle-2.14.1/lib/gradle-tooling-api-2.14.1.jar
7fb511eba000-7fb511ebc000 r--s 00002000 08:05 2767740                    /home/psarmmiey/DevTools/android-studio/gradle/gradle-2.14.1/lib/gradle-open-api-2.14.1.jar
7fb511ebc000-7fb511ec2000 r--s 00032000 08:05 2767774                    /home/psarmmiey/DevTools/android-studio/gradle/gradle-2.14.1/lib/jaxen-1.1.jar
7fb511ec2000-7fb511ec7000 r--s 00048000 08:05 2767739                    /home/psarmmiey/DevTools/android-studio/gradle/gradle-2.14.1/lib/dom4j-1.6.1.jar
7fb511ec7000-7fb511ed2000 r--s 00059000 08:05 2767768                    /home/psarmmiey/DevTools/android-studio/gradle/gradle-2.14.1/lib/gradle-ui-2.14.1.jar
7fb511ed2000-7fb511ed5000 r--s 0000b000 08:05 2767894                    /home/psarmmiey/DevTools/android-studio/gradle/gradle-2.14.1/lib/gradle-resources-2.14.1.jar
7fb511ed5000-7fb511ed7000 r--s 00003000 08:05 2767777                    /home/psarmmiey/DevTools/android-studio/gradle/gradle-2.14.1/lib/jcl-over-slf4j-1.7.10.jar
7fb511ed7000-7fb511ed8000 r--s 00005000 08:05 2767771                    /home/psarmmiey/DevTools/android-studio/gradle/gradle-2.14.1/lib/log4j-over-slf4j-1.7.10.jar
7fb511ed8000-7fb511eda000 r--s 00000000 08:05 2767895                    /home/psarmmiey/DevTools/android-studio/gradle/gradle-2.14.1/lib/jul-to-slf4j-1.7.10.jar
7fb511eda000-7fb511edf000 r--s 0001c000 08:05 2767749                    /home/psarmmiey/DevTools/android-studio/gradle/gradle-2.14.1/lib/gradle-logging-2.14.1.jar
7fb511edf000-7fb511ee1000 r--s 00007000 08:05 2767780                    /home/psarmmiey/DevTools/android-studio/gradle/gradle-2.14.1/lib/objenesis-1.2.jar
7fb511ee1000-7fb511ee3000 r--s 00000000 08:05 2767744                    /home/psarmmiey/DevTools/android-studio/gradle/gradle-2.14.1/lib/minlog-1.2.jar
7fb511ee3000-7fb511ee5000 r--s 0000f000 08:05 2767755                    /home/psarmmiey/DevTools/android-studio/gradle/gradle-2.14.1/lib/reflectasm-1.07-shaded.jar
7fb511ee5000-7fb511ee9000 r--s 00026000 08:05 2767769                    /home/psarmmiey/DevTools/android-studio/gradle/gradle-2.14.1/lib/kryo-2.20.jar
7fb511ee9000-7fb511eef000 r--s 00025000 08:05 2767738                    /home/psarmmiey/DevTools/android-studio/gradle/gradle-2.14.1/lib/gradle-messaging-2.14.1.jar
7fb511eef000-7fb511ef0000 r--s 00003000 08:05 2767776                    /home/psarmmiey/DevTools/android-studio/gradle/gradle-2.14.1/lib/native-platform-freebsd-amd64-0.10.jar
7fb511ef0000-7fb511ef1000 r--s 00003000 08:05 2767758                    /home/psarmmiey/DevTools/android-studio/gradle/gradle-2.14.1/lib/native-platform-freebsd-i386-0.10.jar
7fb511ef1000-7fb511ef2000 r--s 00005000 08:05 2767746                    /home/psarmmiey/DevTools/android-studio/gradle/gradle-2.14.1/lib/native-platform-windows-i386-0.10.jar
7fb511ef2000-7fb511ef3000 r--s 00005000 08:05 2767745                    /home/psarmmiey/DevTools/android-studio/gradle/gradle-2.14.1/lib/native-platform-windows-amd64-0.10.jar
7fb511ef3000-7fb511ef4000 r--s 00003000 08:05 2767759                    /home/psarmmiey/DevTools/android-studio/gradle/gradle-2.14.1/lib/native-platform-linux-i386-0.10.jar
7fb511ef4000-7fb511ef5000 r--s 00003000 08:05 2767743                    /home/psarmmiey/DevTools/android-studio/gradle/gradle-2.14.1/lib/native-platform-linux-amd64-0.10.jar
7fb511ef5000-7fb511ef6000 r--s 00002000 08:05 2767742                    /home/psarmmiey/DevTools/android-studio/gradle/gradle-2.14.1/lib/native-platform-osx-amd64-0.10.jar
7fb511ef6000-7fb511ef7000 r--s 00002000 08:05 2767772                    /home/psarmmiey/DevTools/android-studio/gradle/gradle-2.14.1/lib/native-platform-osx-i386-0.10.jar
7fb511ef7000-7fb511ef9000 r--s 00008000 08:05 2767773                    /home/psarmmiey/DevTools/android-studio/gradle/gradle-2.14.1/lib/jansi-1.2.1.jar
7fb511ef9000-7fb511efc000 r--s 0000d000 08:05 2767767                    /home/psarmmiey/DevTools/android-studio/gradle/gradle-2.14.1/lib/native-platform-0.10.jar
7fb511efc000-7fb511f00000 r--s 000e4000 08:05 2767766                    /home/psarmmiey/DevTools/android-studio/gradle/gradle-2.14.1/lib/jna-3.2.7.jar
7fb511f00000-7fb511f02000 r--s 00009000 08:05 2767778                    /home/psarmmiey/DevTools/android-studio/gradle/gradle-2.14.1/lib/gradle-native-2.14.1.jar
7fb511f02000-7fb511f04000 r--s 00005000 08:05 2767779                    /home/psarmmiey/DevTools/android-studio/gradle/gradle-2.14.1/lib/gradle-cli-2.14.1.jar
7fb511f04000-7fb511f06000 r--s 00007000 08:05 2767748                    /home/psarmmiey/DevTools/android-studio/gradle/gradle-2.14.1/lib/gradle-model-groovy-2.14.1.jar
7fb511f06000-7fb511f07000 r--s 00006000 08:05 2767763                    /home/psarmmiey/DevTools/android-studio/gradle/gradle-2.14.1/lib/gradle-base-services-groovy-2.14.1.jar
7fb511f07000-7fb511f16000 r--s 00080000 08:05 2767764                    /home/psarmmiey/DevTools/android-studio/gradle/gradle-2.14.1/lib/gradle-model-core-2.14.1.jar
7fb511f16000-7fb511f17000 r--s 00002000 08:05 2767756                    /home/psarmmiey/DevTools/android-studio/gradle/gradle-2.14.1/lib/gradle-docs-2.14.1.jar
7fb511f17000-7fb511f1b000 r--s 00027000 08:05 2767770                    /home/psarmmiey/DevTools/android-studio/gradle/gradle-2.14.1/lib/commons-io-2.2.jar
7fb511f1b000-7fb511f28000 r--s 00083000 08:05 2767896                    /home/psarmmiey/DevTools/android-studio/gradle/gradle-2.14.1/lib/commons-collections-3.2.2.jar
7fb511f28000-7fb511f2d000 r--s 00038000 08:05 2767760                    /home/psarmmiey/DevTools/android-studio/gradle/gradle-2.14.1/lib/asm-all-5.1.jar
7fb511f2d000-7fb511f9c000 r--s 0063e000 08:05 2767898                    /home/psarmmiey/DevTools/android-studio/gradle/gradle-2.14.1/lib/groovy-all-2.4.4.jar
7fb511f9c000-7fb511fa1000 r--s 00041000 08:05 2767762                    /home/psarmmiey/DevTools/android-studio/gradle/gradle-2.14.1/lib/commons-lang-2.6.jar
7fb511fa1000-7fb511fc9000 r--s 001cf000 08:05 2767752                    /home/psarmmiey/DevTools/android-studio/gradle/gradle-2.14.1/lib/guava-jdk5-17.0.jar
7fb511fc9000-7fb512000000 r--s 001bd000 08:05 2767753                    /home/psarmmiey/DevTools/android-studio/gradle/gradle-2.14.1/lib/gradle-core-2.14.1.jar
7fb512000000-7fb515000000 rw-p 00000000 00:00 0 
7fb515000000-7fb5167b0000 rwxp 00000000 00:00 0 
7fb5167b0000-7fb524000000 ---p 00000000 00:00 0 
7fb524000000-7fb524b32000 rw-p 00000000 00:00 0 
7fb524b32000-7fb528000000 ---p 00000000 00:00 0 
7fb528000000-7fb528001000 r--s 00000000 08:05 2767897                    /home/psarmmiey/DevTools/android-studio/gradle/gradle-2.14.1/lib/javax.inject-1.jar
7fb528001000-7fb528002000 r--s 00000000 08:05 2767754                    /home/psarmmiey/DevTools/android-studio/gradle/gradle-2.14.1/lib/jcip-annotations-1.0.jar
7fb528002000-7fb528003000 r--s 00001000 08:05 2767775                    /home/psarmmiey/DevTools/android-studio/gradle/gradle-2.14.1/lib/gradle-process-services-2.14.1.jar
7fb528003000-7fb528022000 r--s 001d1000 08:05 2767750                    /home/psarmmiey/DevTools/android-studio/gradle/gradle-2.14.1/lib/ant-1.9.6.jar
7fb528022000-7fb52802d000 r--s 00051000 08:05 2767757                    /home/psarmmiey/DevTools/android-studio/gradle/gradle-2.14.1/lib/gradle-launcher-2.14.1.jar
7fb52802d000-7fb52802e000 ---p 00000000 00:00 0 
7fb52802e000-7fb52812e000 rw-p 00000000 00:00 0                          [stack:4624]
7fb52812e000-7fb528131000 ---p 00000000 00:00 0 
7fb528131000-7fb52822f000 rw-p 00000000 00:00 0                          [stack:4623]
7fb52822f000-7fb528232000 ---p 00000000 00:00 0 
7fb528232000-7fb528330000 rw-p 00000000 00:00 0                          [stack:4622]
7fb528330000-7fb528333000 ---p 00000000 00:00 0 
7fb528333000-7fb528431000 rw-p 00000000 00:00 0                          [stack:4621]
7fb528431000-7fb528434000 ---p 00000000 00:00 0 
7fb528434000-7fb528532000 rw-p 00000000 00:00 0                          [stack:4620]
7fb528532000-7fb5287fb000 r--p 00000000 08:05 11534450                   /usr/lib/locale/locale-archive
7fb5287fb000-7fb5287fe000 ---p 00000000 00:00 0 
7fb5287fe000-7fb5288fc000 rw-p 00000000 00:00 0                          [stack:4619]
7fb5288fc000-7fb5288ff000 ---p 00000000 00:00 0 
7fb5288ff000-7fb5289fd000 rw-p 00000000 00:00 0                          [stack:4618]
7fb5289fd000-7fb5289fe000 ---p 00000000 00:00 0 
7fb5289fe000-7fb529475000 rw-p 00000000 00:00 0                          [stack:4617]
7fb529475000-7fb529642000 r--s 03bec000 08:05 2767406                    /home/psarmmiey/DevTools/android-studio/jre/jre/lib/rt.jar
7fb529642000-7fb52a1b8000 rw-p 00000000 00:00 0 
7fb52a1b8000-7fb52a1b9000 ---p 00000000 00:00 0 
7fb52a1b9000-7fb52a2b9000 rw-p 00000000 00:00 0                          [stack:4616]
7fb52a2b9000-7fb52a2ba000 ---p 00000000 00:00 0 
7fb52a2ba000-7fb52a3d9000 rw-p 00000000 00:00 0                          [stack:4615]
7fb52a3d9000-7fb52a5ba000 ---p 00000000 00:00 0 
7fb52a5ba000-7fb52a5d9000 rw-p 00000000 00:00 0 
7fb52a5d9000-7fb52a7ba000 ---p 00000000 00:00 0 
7fb52a7ba000-7fb52a877000 rw-p 00000000 00:00 0 
7fb52a877000-7fb52a8ba000 ---p 00000000 00:00 0 
7fb52a8ba000-7fb52a91a000 rw-p 00000000 00:00 0 
7fb52a91a000-7fb52ac7b000 ---p 00000000 00:00 0 
7fb52ac7b000-7fb52ac95000 r-xp 00000000 08:05 2767433                    /home/psarmmiey/DevTools/android-studio/jre/jre/lib/amd64/libzip.so
7fb52ac95000-7fb52ae95000 ---p 0001a000 08:05 2767433                    /home/psarmmiey/DevTools/android-studio/jre/jre/lib/amd64/libzip.so
7fb52ae95000-7fb52ae96000 r--p 0001a000 08:05 2767433                    /home/psarmmiey/DevTools/android-studio/jre/jre/lib/amd64/libzip.so
7fb52ae96000-7fb52ae97000 rw-p 0001b000 08:05 2767433                    /home/psarmmiey/DevTools/android-studio/jre/jre/lib/amd64/libzip.so
7fb52ae97000-7fb52aea1000 r-xp 00000000 08:05 6160465                    /lib/x86_64-linux-gnu/libnss_files-2.21.so
7fb52aea1000-7fb52b0a1000 ---p 0000a000 08:05 6160465                    /lib/x86_64-linux-gnu/libnss_files-2.21.so
7fb52b0a1000-7fb52b0a2000 r--p 0000a000 08:05 6160465                    /lib/x86_64-linux-gnu/libnss_files-2.21.so
7fb52b0a2000-7fb52b0a3000 rw-p 0000b000 08:05 6160465                    /lib/x86_64-linux-gnu/libnss_files-2.21.so
7fb52b0a3000-7fb52b0ae000 r-xp 00000000 08:05 6161478                    /lib/x86_64-linux-gnu/libnss_nis-2.21.so
7fb52b0ae000-7fb52b2ad000 ---p 0000b000 08:05 6161478                    /lib/x86_64-linux-gnu/libnss_nis-2.21.so
7fb52b2ad000-7fb52b2ae000 r--p 0000a000 08:05 6161478                    /lib/x86_64-linux-gnu/libnss_nis-2.21.so
7fb52b2ae000-7fb52b2af000 rw-p 0000b000 08:05 6161478                    /lib/x86_64-linux-gnu/libnss_nis-2.21.so
7fb52b2af000-7fb52b2c6000 r-xp 00000000 08:05 6161484                    /lib/x86_64-linux-gnu/libnsl-2.21.so
7fb52b2c6000-7fb52b4c5000 ---p 00017000 08:05 6161484                    /lib/x86_64-linux-gnu/libnsl-2.21.so
7fb52b4c5000-7fb52b4c6000 r--p 00016000 08:05 6161484                    /lib/x86_64-linux-gnu/libnsl-2.21.so
7fb52b4c6000-7fb52b4c7000 rw-p 00017000 08:05 6161484                    /lib/x86_64-linux-gnu/libnsl-2.21.so
7fb52b4c7000-7fb52b4c9000 rw-p 00000000 00:00 0 
7fb52b4c9000-7fb52b4d1000 r-xp 00000000 08:05 6160486                    /lib/x86_64-linux-gnu/libnss_compat-2.21.so
7fb52b4d1000-7fb52b6d0000 ---p 00008000 08:05 6160486                    /lib/x86_64-linux-gnu/libnss_compat-2.21.so
7fb52b6d0000-7fb52b6d1000 r--p 00007000 08:05 6160486                    /lib/x86_64-linux-gnu/libnss_compat-2.21.so
7fb52b6d1000-7fb52b6d2000 rw-p 00008000 08:05 6160486                    /lib/x86_64-linux-gnu/libnss_compat-2.21.so
7fb52b6d2000-7fb52b6ff000 r-xp 00000000 08:05 2767443                    /home/psarmmiey/DevTools/android-studio/jre/jre/lib/amd64/libjava.so
7fb52b6ff000-7fb52b8fe000 ---p 0002d000 08:05 2767443                    /home/psarmmiey/DevTools/android-studio/jre/jre/lib/amd64/libjava.so
7fb52b8fe000-7fb52b8ff000 r--p 0002c000 08:05 2767443                    /home/psarmmiey/DevTools/android-studio/jre/jre/lib/amd64/libjava.so
7fb52b8ff000-7fb52b901000 rw-p 0002d000 08:05 2767443                    /home/psarmmiey/DevTools/android-studio/jre/jre/lib/amd64/libjava.so
7fb52b901000-7fb52b911000 r-xp 00000000 08:05 2767459                    /home/psarmmiey/DevTools/android-studio/jre/jre/lib/amd64/libverify.so
7fb52b911000-7fb52bb10000 ---p 00010000 08:05 2767459                    /home/psarmmiey/DevTools/android-studio/jre/jre/lib/amd64/libverify.so
7fb52bb10000-7fb52bb12000 r--p 0000f000 08:05 2767459                    /home/psarmmiey/DevTools/android-studio/jre/jre/lib/amd64/libverify.so
7fb52bb12000-7fb52bb13000 rw-p 00011000 08:05 2767459                    /home/psarmmiey/DevTools/android-studio/jre/jre/lib/amd64/libverify.so
7fb52bb13000-7fb52bb1a000 r-xp 00000000 08:05 6160467                    /lib/x86_64-linux-gnu/librt-2.21.so
7fb52bb1a000-7fb52bd19000 ---p 00007000 08:05 6160467                    /lib/x86_64-linux-gnu/librt-2.21.so
7fb52bd19000-7fb52bd1a000 r--p 00006000 08:05 6160467                    /lib/x86_64-linux-gnu/librt-2.21.so
7fb52bd1a000-7fb52bd1b000 rw-p 00007000 08:05 6160467                    /lib/x86_64-linux-gnu/librt-2.21.so
7fb52bd1b000-7fb52be22000 r-xp 00000000 08:05 6160488                    /lib/x86_64-linux-gnu/libm-2.21.so
7fb52be22000-7fb52c021000 ---p 00107000 08:05 6160488                    /lib/x86_64-linux-gnu/libm-2.21.so
7fb52c021000-7fb52c022000 r--p 00106000 08:05 6160488                    /lib/x86_64-linux-gnu/libm-2.21.so
7fb52c022000-7fb52c023000 rw-p 00107000 08:05 6160488                    /lib/x86_64-linux-gnu/libm-2.21.so
7fb52c023000-7fb52cc09000 r-xp 00000000 08:05 2767463                    /home/psarmmiey/DevTools/android-studio/jre/jre/lib/amd64/server/libjvm.so
7fb52cc09000-7fb52ce09000 ---p 00be6000 08:05 2767463                    /home/psarmmiey/DevTools/android-studio/jre/jre/lib/amd64/server/libjvm.so
7fb52ce09000-7fb52cea8000 r--p 00be6000 08:05 2767463                    /home/psarmmiey/DevTools/android-studio/jre/jre/lib/amd64/server/libjvm.so
7fb52cea8000-7fb52ced1000 rw-p 00c85000 08:05 2767463                    /home/psarmmiey/DevTools/android-studio/jre/jre/lib/amd64/server/libjvm.so
7fb52ced1000-7fb52cf13000 rw-p 00000000 00:00 0 
7fb52cf13000-7fb52cf2b000 r-xp 00000000 08:05 6160706                    /lib/x86_64-linux-gnu/libpthread-2.21.so
7fb52cf2b000-7fb52d12b000 ---p 00018000 08:05 6160706                    /lib/x86_64-linux-gnu/libpthread-2.21.so
7fb52d12b000-7fb52d12c000 r--p 00018000 08:05 6160706                    /lib/x86_64-linux-gnu/libpthread-2.21.so
7fb52d12c000-7fb52d12d000 rw-p 00019000 08:05 6160706                    /lib/x86_64-linux-gnu/libpthread-2.21.so
7fb52d12d000-7fb52d131000 rw-p 00000000 00:00 0 
7fb52d131000-7fb52d134000 r-xp 00000000 08:05 6160712                    /lib/x86_64-linux-gnu/libdl-2.21.so
7fb52d134000-7fb52d333000 ---p 00003000 08:05 6160712                    /lib/x86_64-linux-gnu/libdl-2.21.so
7fb52d333000-7fb52d334000 r--p 00002000 08:05 6160712                    /lib/x86_64-linux-gnu/libdl-2.21.so
7fb52d334000-7fb52d335000 rw-p 00003000 08:05 6160712                    /lib/x86_64-linux-gnu/libdl-2.21.so
7fb52d335000-7fb52d4f5000 r-xp 00000000 08:05 6161490                    /lib/x86_64-linux-gnu/libc-2.21.so
7fb52d4f5000-7fb52d6f5000 ---p 001c0000 08:05 6161490                    /lib/x86_64-linux-gnu/libc-2.21.so
7fb52d6f5000-7fb52d6f9000 r--p 001c0000 08:05 6161490                    /lib/x86_64-linux-gnu/libc-2.21.so
7fb52d6f9000-7fb52d6fb000 rw-p 001c4000 08:05 6161490                    /lib/x86_64-linux-gnu/libc-2.21.so
7fb52d6fb000-7fb52d6ff000 rw-p 00000000 00:00 0 
7fb52d6ff000-7fb52d715000 r-xp 00000000 08:05 2767323                    /home/psarmmiey/DevTools/android-studio/jre/lib/amd64/jli/libjli.so
7fb52d715000-7fb52d914000 ---p 00016000 08:05 2767323                    /home/psarmmiey/DevTools/android-studio/jre/lib/amd64/jli/libjli.so
7fb52d914000-7fb52d915000 r--p 00015000 08:05 2767323                    /home/psarmmiey/DevTools/android-studio/jre/lib/amd64/jli/libjli.so
7fb52d915000-7fb52d916000 rw-p 00016000 08:05 2767323                    /home/psarmmiey/DevTools/android-studio/jre/lib/amd64/jli/libjli.so
7fb52d916000-7fb52d93a000 r-xp 00000000 08:05 6161486                    /lib/x86_64-linux-gnu/ld-2.21.so
7fb52d93a000-7fb52d942000 r--s 0003a000 08:05 2767761                    /home/psarmmiey/DevTools/android-studio/gradle/gradle-2.14.1/lib/gradle-base-services-2.14.1.jar
7fb52d942000-7fb52da07000 rw-p 00000000 00:00 0 
7fb52da07000-7fb52da0a000 ---p 00000000 00:00 0 
7fb52da0a000-7fb52db0c000 rw-p 00000000 00:00 0                          [stack:4614]
7fb52db0c000-7fb52db0d000 r--s 00000000 08:05 2767737                    /home/psarmmiey/DevTools/android-studio/gradle/gradle-2.14.1/lib/gradle-jvm-services-2.14.1.jar
7fb52db0d000-7fb52db0e000 r--s 00007000 08:05 2767747                    /home/psarmmiey/DevTools/android-studio/gradle/gradle-2.14.1/lib/slf4j-api-1.7.10.jar
7fb52db0e000-7fb52db0f000 r--s 00004000 08:05 2767765                    /home/psarmmiey/DevTools/android-studio/gradle/gradle-2.14.1/lib/ant-launcher-1.9.6.jar
7fb52db0f000-7fb52db2d000 rw-p 00000000 00:00 0 
7fb52db2d000-7fb52db35000 rw-s 00000000 08:05 8130843                    /tmp/hsperfdata_psarmmiey/4610
7fb52db35000-7fb52db36000 rw-p 00000000 00:00 0 
7fb52db36000-7fb52db37000 ---p 00000000 00:00 0 
7fb52db37000-7fb52db39000 rw-p 00000000 00:00 0 
7fb52db39000-7fb52db3a000 r--p 00023000 08:05 6161486                    /lib/x86_64-linux-gnu/ld-2.21.so
7fb52db3a000-7fb52db3b000 rw-p 00024000 08:05 6161486                    /lib/x86_64-linux-gnu/ld-2.21.so
7fb52db3b000-7fb52db3c000 rw-p 00000000 00:00 0 
7ffc6f87a000-7ffc6f89c000 rw-p 00000000 00:00 0                          [stack]
7ffc6f9c8000-7ffc6f9ca000 r--p 00000000 00:00 0                          [vvar]
7ffc6f9ca000-7ffc6f9cc000 r-xp 00000000 00:00 0                          [vdso]
ffffffffff600000-ffffffffff601000 r-xp 00000000 00:00 0                  [vsyscall]

VM Arguments:
jvm_args: -Xmx1536m -Dfile.encoding=UTF-8 -Duser.country=GB -Duser.language=en -Duser.variant 
java_command: org.gradle.launcher.daemon.bootstrap.GradleDaemon 2.14.1
java_class_path (initial): /home/psarmmiey/DevTools/android-studio/gradle/gradle-2.14.1/lib/gradle-launcher-2.14.1.jar
Launcher Type: SUN_STANDARD

Environment Variables:
JAVA_HOME=/usr/local/java/jdk1.8.0_45
PATH=/home/psarmmiey/.sdkman/candidates/gradle/current/bin:/home/psarmmiey/glassfish4/bin:/usr/local/sbin:/usr/local/bin:/usr/sbin:/usr/bin:/sbin:/bin:/usr/games:/usr/local/games:/home/psarmmiey/bin:/usr/local/java/jdk1.8.0_45/bin:/home/psarmmiey/google_appengine:/home/psarmmiey/DevTools/idea-IU-162.2032.8/bin:/home/psarmmiey/DevTools/WebStorm-162.1812.21/bin:/home/psarmmiey/DevTools/kotlinc/bin:/home/psarmmiey/DevTools/android-studio/bin:/home/psarmmiey/bin:/usr/local/java/jdk1.8.0_45/bin:/home/psarmmiey/google_appengine:/home/psarmmiey/DevTools/idea-IU-162.2032.8/bin:/home/psarmmiey/DevTools/WebStorm-162.1812.21/bin:/home/psarmmiey/DevTools/kotlinc/bin:/home/psarmmiey/DevTools/android-studio/bin:/home/psarmmiey/bin:/usr/local/java/jdk1.8.0_45/bin:/home/psarmmiey/google_appengine:/home/psarmmiey/DevTools/idea-IU-162.2032.8/bin:/home/psarmmiey/DevTools/WebStorm-162.1812.21/bin:/home/psarmmiey/DevTools/kotlinc/bin:/home/psarmmiey/DevTools/android-studio/bin:/home/psarmmiey/bin:/usr/local/java/jdk1.8.0_45/bin:/home/psarmmiey/google_appengine:/home/psarmmiey/DevTools/idea-IU-162.2032.8/bin:/home/psarmmiey/DevTools/WebStorm-162.1812.21/bin:/home/psarmmiey/DevTools/kotlinc/bin:/home/psarmmiey/DevTools/android-studio/bin:/home/psarmmiey/bin:/usr/local/java/jdk1.8.0_45/bin:/home/psarmmiey/google_appengine:/home/psarmmiey/DevTools/idea-IU-162.2032.8/bin:/home/psarmmiey/DevTools/WebStorm-162.1812.21/bin:/home/psarmmiey/DevTools/kotlinc/bin:/home/psarmmiey/DevTools/android-studio/bin:/home/psarmmiey/android-sdk-linux/tools:/home/psarmmiey/android-sdk-linux/platform-tools
LD_LIBRARY_PATH=/home/psarmmiey/DevTools/android-studio/bin:
SHELL=/bin/bash
DISPLAY=:0

Signal Handlers:
SIGSEGV: [libjvm.so+0x9daac0], sa_mask[0]=11111111011111111101111111111110, sa_flags=SA_RESTART|SA_SIGINFO
SIGBUS: [libjvm.so+0x9daac0], sa_mask[0]=11111111011111111101111111111110, sa_flags=SA_RESTART|SA_SIGINFO
SIGFPE: [libjvm.so+0x840d90], sa_mask[0]=11111111011111111101111111111110, sa_flags=SA_RESTART|SA_SIGINFO
SIGPIPE: [libjvm.so+0x840d90], sa_mask[0]=11111111011111111101111111111110, sa_flags=SA_RESTART|SA_SIGINFO
SIGXFSZ: [libjvm.so+0x840d90], sa_mask[0]=11111111011111111101111111111110, sa_flags=SA_RESTART|SA_SIGINFO
SIGILL: [libjvm.so+0x840d90], sa_mask[0]=11111111011111111101111111111110, sa_flags=SA_RESTART|SA_SIGINFO
SIGUSR1: SIG_DFL, sa_mask[0]=00000000000000000000000000000000, sa_flags=none
SIGUSR2: [libjvm.so+0x840c60], sa_mask[0]=00100000000000000000000000000000, sa_flags=SA_RESTART|SA_SIGINFO
SIGHUP: [libjvm.so+0x840e50], sa_mask[0]=11111111011111111101111111111110, sa_flags=SA_RESTART|SA_SIGINFO
SIGINT: [libjvm.so+0x840e50], sa_mask[0]=11111111011111111101111111111110, sa_flags=SA_RESTART|SA_SIGINFO
SIGTERM: [libjvm.so+0x840e50], sa_mask[0]=11111111011111111101111111111110, sa_flags=SA_RESTART|SA_SIGINFO
SIGQUIT: [libjvm.so+0x840e50], sa_mask[0]=11111111011111111101111111111110, sa_flags=SA_RESTART|SA_SIGINFO


---------------  S Y S T E M  ---------------

OS:DISTRIB_ID=Ubuntu
DISTRIB_RELEASE=15.10
DISTRIB_CODENAME=wily
DISTRIB_DESCRIPTION="Ubuntu 15.10"

uname:Linux 4.2.0-35-generic #40-Ubuntu SMP Tue Mar 15 22:15:45 UTC 2016 x86_64
libc:glibc 2.21 NPTL 2.21 
rlimit: STACK 8192k, CORE 0k, NPROC 31325, NOFILE 65536, AS infinity
load average:5.62 2.46 1.21

/proc/meminfo:
MemTotal:        8055964 kB
MemFree:           52372 kB
MemAvailable:     131380 kB
Buffers:            1412 kB
Cached:          1307752 kB
SwapCached:            0 kB
Active:          6476056 kB
Inactive:        1204224 kB
Active(anon):    6455536 kB
Inactive(anon):  1184488 kB
Active(file):      20520 kB
Inactive(file):    19736 kB
Unevictable:         380 kB
Mlocked:             380 kB
SwapTotal:             0 kB
SwapFree:              0 kB
Dirty:              1172 kB
Writeback:             0 kB
AnonPages:       6371548 kB
Mapped:           652012 kB
Shmem:           1268856 kB
Slab:             144768 kB
SReclaimable:      81016 kB
SUnreclaim:        63752 kB
KernelStack:       15120 kB
PageTables:        84832 kB
NFS_Unstable:          0 kB
Bounce:                0 kB
WritebackTmp:          0 kB
CommitLimit:     4027980 kB
Committed_AS:   16359552 kB
VmallocTotal:   34359738367 kB
VmallocUsed:      354836 kB
VmallocChunk:   34358947836 kB
HardwareCorrupted:     0 kB
AnonHugePages:   1261568 kB
CmaTotal:              0 kB
CmaFree:               0 kB
HugePages_Total:       0
HugePages_Free:        0
HugePages_Rsvd:        0
HugePages_Surp:        0
Hugepagesize:       2048 kB
DirectMap4k:      265924 kB
DirectMap2M:     8003584 kB


CPU:total 2 (2 cores per cpu, 1 threads per core) family 6 model 58 stepping 9, cmov, cx8, fxsr, mmx, sse, sse2, sse3, ssse3, sse4.1, sse4.2, popcnt, clmul, erms, tsc, tscinvbit, tscinv

/proc/cpuinfo:
processor	: 0
vendor_id	: GenuineIntel
cpu family	: 6
model		: 58
model name	: Intel(R) Celeron(R) CPU 1000M @ 1.80GHz
stepping	: 9
microcode	: 0x17
cpu MHz		: 1201.218
cache size	: 2048 KB
physical id	: 0
siblings	: 2
core id		: 0
cpu cores	: 2
apicid		: 0
initial apicid	: 0
fpu		: yes
fpu_exception	: yes
cpuid level	: 13
wp		: yes
flags		: fpu vme de pse tsc msr pae mce cx8 apic sep mtrr pge mca cmov pat pse36 clflush dts acpi mmx fxsr sse sse2 ss ht tm pbe syscall nx rdtscp lm constant_tsc arch_perfmon pebs bts rep_good nopl xtopology nonstop_tsc aperfmperf eagerfpu pni pclmulqdq dtes64 monitor ds_cpl vmx est tm2 ssse3 cx16 xtpr pdcm pcid sse4_1 sse4_2 x2apic popcnt tsc_deadline_timer xsave lahf_lm arat epb pln pts dtherm tpr_shadow vnmi flexpriority ept vpid fsgsbase smep erms xsaveopt
bugs		:
bogomips	: 3591.75
clflush size	: 64
cache_alignment	: 64
address sizes	: 36 bits physical, 48 bits virtual
power management:

processor	: 1
vendor_id	: GenuineIntel
cpu family	: 6
model		: 58
model name	: Intel(R) Celeron(R) CPU 1000M @ 1.80GHz
stepping	: 9
microcode	: 0x17
cpu MHz		: 1199.953
cache size	: 2048 KB
physical id	: 0
siblings	: 2
core id		: 1
cpu cores	: 2
apicid		: 2
initial apicid	: 2
fpu		: yes
fpu_exception	: yes
cpuid level	: 13
wp		: yes
flags		: fpu vme de pse tsc msr pae mce cx8 apic sep mtrr pge mca cmov pat pse36 clflush dts acpi mmx fxsr sse sse2 ss ht tm pbe syscall nx rdtscp lm constant_tsc arch_perfmon pebs bts rep_good nopl xtopology nonstop_tsc aperfmperf eagerfpu pni pclmulqdq dtes64 monitor ds_cpl vmx est tm2 ssse3 cx16 xtpr pdcm pcid sse4_1 sse4_2 x2apic popcnt tsc_deadline_timer xsave lahf_lm arat epb pln pts dtherm tpr_shadow vnmi flexpriority ept vpid fsgsbase smep erms xsaveopt
bugs		:
bogomips	: 3591.75
clflush size	: 64
cache_alignment	: 64
address sizes	: 36 bits physical, 48 bits virtual
power management:



Memory: 4k page, physical 8055964k(52372k free), swap 0k(0k free)

vm_info: OpenJDK 64-Bit Server VM (25.76-b03) for linux-amd64 JRE (1.8.0_76-release-b03), built on Jun 29 2016 09:39:19 by "builder" with gcc 4.8.4

time: Mon Oct 31 22:33:09 2016
elapsed time: 108 seconds (0d 0h 1m 48s)

